DEBUG:root:
DEBUG:root:Hyperparameters: 
DEBUG:root:Sequences: ['t1.nii.gz', 't1c.nii.gz', 'flair.nii.gz', 't2.nii.gz', 'adc.nii.gz']
DEBUG:root:Input Channels: 5
DEBUG:root:# Classes: 4
DEBUG:root:# Epochs: 15
DEBUG:root:Optimizer: SGD
DEBUG:root:Learning Rate: 0.01
DEBUG:root:Dropout: 0.15
DEBUG:root:Batch Size: 16
DEBUG:root:L2 Regularization: 0.0001
DEBUG:root:
DEBUG:root:Loss Function Weights: tensor(12.) tensor(2.) tensor(2.) tensor(7.)
DEBUG:root:
DEBUG:root:Fold # 0
DEBUG:root:
DEBUG:root:No Train/Test Subject Leakage Found
DEBUG:root:
DEBUG:root:Train
DEBUG:root:Class: 0, Count: 183
DEBUG:root:Class: 1, Count: 1027
DEBUG:root:Class: 2, Count: 874
DEBUG:root:Class: 3, Count: 325
DEBUG:root:
DEBUG:root:Test
DEBUG:root:Class: 0, Count: 58
DEBUG:root:Class: 1, Count: 265
DEBUG:root:Class: 2, Count: 219
DEBUG:root:Class: 3, Count: 83
DEBUG:root:
DEBUG:root:Using Parallel CUDA GPUs
DEBUG:root:
DEBUG:root:Epoch 0 / 15
DEBUG:root:--------------
