DEBUG:root:
DEBUG:root:Hyperparameters: 
DEBUG:root:Sequences: ['t1.nii.gz', 't1c.nii.gz', 'flair.nii.gz', 't2.nii.gz', 'adc.nii.gz']
DEBUG:root:Input Channels: 5
DEBUG:root:# Classes: 4
DEBUG:root:# Epochs: 45
DEBUG:root:Optimizer: RMSprop
DEBUG:root:Learning Rate: 9.54864588381312e-06
DEBUG:root:Dropout: 0.176301655747873
DEBUG:root:Batch Size: 16
DEBUG:root:L2 Regularization: 0.000101016739945895
DEBUG:root:
DEBUG:root:Loss Function Weights: tensor(12.) tensor(2.) tensor(2.) tensor(7.)
DEBUG:root:
DEBUG:root:Fold # 0
DEBUG:root:
DEBUG:root:No Train/Test Subject Leakage Found
DEBUG:root:
DEBUG:root:Train
DEBUG:root:Class: 0, Count: 915
DEBUG:root:Class: 1, Count: 5159
DEBUG:root:Class: 2, Count: 4370
DEBUG:root:Class: 3, Count: 1602
DEBUG:root:
DEBUG:root:Test
DEBUG:root:Class: 0, Count: 290
DEBUG:root:Class: 1, Count: 1300
DEBUG:root:Class: 2, Count: 1095
DEBUG:root:Class: 3, Count: 415
DEBUG:root:
DEBUG:root:Using Parallel CUDA GPUs
DEBUG:root:
DEBUG:root:Epoch 0 / 45
DEBUG:root:--------------
DEBUG:root:train Loss: 1.3659010444820956
DEBUG:root:train Accuracy: 30.49
DEBUG:root:val Loss: 1.2989907126451277
DEBUG:root:val Accuracy: 28.23
DEBUG:root:--------------
DEBUG:root:
DEBUG:root:Epoch 1 / 45
DEBUG:root:--------------
DEBUG:root:train Loss: 1.1969607320439768
DEBUG:root:train Accuracy: 51.93
DEBUG:root:val Loss: 1.5602910143812907
DEBUG:root:val Accuracy: 26.45
DEBUG:root:--------------
DEBUG:root:
DEBUG:root:Epoch 2 / 45
DEBUG:root:--------------
DEBUG:root:train Loss: 0.9687304317080484
DEBUG:root:train Accuracy: 57.31
DEBUG:root:val Loss: 2.1681745789714695
DEBUG:root:val Accuracy: 26.13
DEBUG:root:--------------
DEBUG:root:
DEBUG:root:Epoch 3 / 45
DEBUG:root:--------------
DEBUG:root:train Loss: 0.8226161609449552
DEBUG:root:train Accuracy: 66.34
DEBUG:root:val Loss: 1.9886149112711247
DEBUG:root:val Accuracy: 28.23
DEBUG:root:--------------
DEBUG:root:
DEBUG:root:Epoch 4 / 45
DEBUG:root:--------------
DEBUG:root:train Loss: 0.7067394178622906
DEBUG:root:train Accuracy: 70.1
DEBUG:root:val Loss: 2.2100267505522857
DEBUG:root:val Accuracy: 23.55
DEBUG:root:--------------
DEBUG:root:
DEBUG:root:Epoch 5 / 45
DEBUG:root:--------------
DEBUG:root:train Loss: 0.6287816942806738
DEBUG:root:train Accuracy: 66.49
DEBUG:root:val Loss: 2.4130752799437216
DEBUG:root:val Accuracy: 25.16
DEBUG:root:--------------
DEBUG:root:
DEBUG:root:Epoch 6 / 45
DEBUG:root:--------------
DEBUG:root:train Loss: 0.5572803901090406
DEBUG:root:train Accuracy: 78.06
DEBUG:root:val Loss: 2.1536526769092403
DEBUG:root:val Accuracy: 24.52
DEBUG:root:--------------
DEBUG:root:
DEBUG:root:Epoch 7 / 45
DEBUG:root:--------------
DEBUG:root:train Loss: 0.4813562157362264
DEBUG:root:train Accuracy: 87.27
DEBUG:root:val Loss: 2.6757981703453457
DEBUG:root:val Accuracy: 26.94
DEBUG:root:--------------
DEBUG:root:
DEBUG:root:Epoch 8 / 45
DEBUG:root:--------------
DEBUG:root:train Loss: 0.4351750349658102
DEBUG:root:train Accuracy: 70.65
DEBUG:root:val Loss: 3.162334181291541
DEBUG:root:val Accuracy: 32.42
DEBUG:root:--------------
DEBUG:root:
DEBUG:root:Epoch 9 / 45
DEBUG:root:--------------
DEBUG:root:train Loss: 0.3630118159747931
DEBUG:root:train Accuracy: 91.12
DEBUG:root:val Loss: 2.423102587768712
DEBUG:root:val Accuracy: 29.52
DEBUG:root:--------------
DEBUG:root:
DEBUG:root:Epoch 10 / 45
DEBUG:root:--------------
DEBUG:root:train Loss: 0.3304891882446974
DEBUG:root:train Accuracy: 93.08
DEBUG:root:val Loss: 2.6999175643798003
DEBUG:root:val Accuracy: 31.94
DEBUG:root:--------------
DEBUG:root:
DEBUG:root:Epoch 11 / 45
DEBUG:root:--------------
DEBUG:root:train Loss: 0.28696917631177316
DEBUG:root:train Accuracy: 90.21
DEBUG:root:val Loss: 2.279892174239011
DEBUG:root:val Accuracy: 27.58
DEBUG:root:--------------
DEBUG:root:
DEBUG:root:Epoch 12 / 45
DEBUG:root:--------------
DEBUG:root:train Loss: 0.25717686507529314
DEBUG:root:train Accuracy: 96.41
DEBUG:root:val Loss: 2.818409249340136
DEBUG:root:val Accuracy: 27.9
DEBUG:root:--------------
DEBUG:root:
DEBUG:root:Epoch 13 / 45
DEBUG:root:--------------
DEBUG:root:train Loss: 0.23409189674434355
DEBUG:root:train Accuracy: 94.16
DEBUG:root:val Loss: 2.8795754608419752
DEBUG:root:val Accuracy: 29.35
DEBUG:root:--------------
DEBUG:root:
DEBUG:root:Epoch 14 / 45
DEBUG:root:--------------
DEBUG:root:train Loss: 0.22461204389592565
DEBUG:root:train Accuracy: 95.08
DEBUG:root:val Loss: 3.2504025077082446
DEBUG:root:val Accuracy: 24.52
DEBUG:root:--------------
DEBUG:root:
DEBUG:root:Epoch 15 / 45
DEBUG:root:--------------
DEBUG:root:train Loss: 0.20166247273989488
DEBUG:root:train Accuracy: 95.23
DEBUG:root:val Loss: 2.7615476901998224
DEBUG:root:val Accuracy: 25.0
DEBUG:root:--------------
DEBUG:root:
DEBUG:root:Epoch 16 / 45
DEBUG:root:--------------
DEBUG:root:train Loss: 0.17656486441107938
DEBUG:root:train Accuracy: 92.23
DEBUG:root:val Loss: 2.752311239230264
DEBUG:root:val Accuracy: 31.94
DEBUG:root:--------------
DEBUG:root:
DEBUG:root:Epoch 17 / 45
DEBUG:root:--------------
DEBUG:root:train Loss: 0.1501501803713075
DEBUG:root:train Accuracy: 98.26
DEBUG:root:val Loss: 2.8624858112679314
DEBUG:root:val Accuracy: 27.58
DEBUG:root:--------------
DEBUG:root:
DEBUG:root:Epoch 18 / 45
DEBUG:root:--------------
DEBUG:root:train Loss: 0.15090047359555603
DEBUG:root:train Accuracy: 66.35
DEBUG:root:val Loss: 5.024659672348769
DEBUG:root:val Accuracy: 15.97
DEBUG:root:--------------
DEBUG:root:
DEBUG:root:Epoch 19 / 45
DEBUG:root:--------------
DEBUG:root:train Loss: 0.12312842466451653
DEBUG:root:train Accuracy: 71.33
DEBUG:root:val Loss: 4.81331867655528
DEBUG:root:val Accuracy: 12.42
DEBUG:root:--------------
DEBUG:root:
DEBUG:root:Epoch 20 / 45
DEBUG:root:--------------
DEBUG:root:train Loss: 0.11585508383486474
DEBUG:root:train Accuracy: 98.87
DEBUG:root:val Loss: 3.26009760935282
DEBUG:root:val Accuracy: 29.03
DEBUG:root:--------------
DEBUG:root:
DEBUG:root:Epoch 21 / 45
DEBUG:root:--------------
DEBUG:root:train Loss: 0.1002748367671297
DEBUG:root:train Accuracy: 96.63
DEBUG:root:val Loss: 3.8058749117802098
DEBUG:root:val Accuracy: 22.74
DEBUG:root:--------------
DEBUG:root:
DEBUG:root:Epoch 22 / 45
DEBUG:root:--------------
DEBUG:root:train Loss: 0.10392872949568666
DEBUG:root:train Accuracy: 99.76
DEBUG:root:val Loss: 3.8370623625430866
DEBUG:root:val Accuracy: 26.61
DEBUG:root:--------------
DEBUG:root:
DEBUG:root:Epoch 23 / 45
DEBUG:root:--------------
DEBUG:root:train Loss: 0.08963985108259626
DEBUG:root:train Accuracy: 99.65
DEBUG:root:val Loss: 3.807936617701324
DEBUG:root:val Accuracy: 30.97
DEBUG:root:--------------
DEBUG:root:
DEBUG:root:Epoch 24 / 45
DEBUG:root:--------------
DEBUG:root:train Loss: 0.08681096673178132
DEBUG:root:train Accuracy: 99.63
DEBUG:root:val Loss: 3.356179815592225
DEBUG:root:val Accuracy: 28.23
DEBUG:root:--------------
DEBUG:root:
DEBUG:root:Epoch 25 / 45
DEBUG:root:--------------
DEBUG:root:train Loss: 0.07281914265046532
DEBUG:root:train Accuracy: 99.86
DEBUG:root:val Loss: 3.311403079131215
DEBUG:root:val Accuracy: 30.32
DEBUG:root:--------------
DEBUG:root:
DEBUG:root:Epoch 26 / 45
DEBUG:root:--------------
DEBUG:root:train Loss: 0.07136670198025007
DEBUG:root:train Accuracy: 99.8
DEBUG:root:val Loss: 3.513112148058783
DEBUG:root:val Accuracy: 32.58
DEBUG:root:--------------
DEBUG:root:
DEBUG:root:Epoch 27 / 45
DEBUG:root:--------------
DEBUG:root:train Loss: 0.07675679381052465
DEBUG:root:train Accuracy: 99.65
DEBUG:root:val Loss: 3.5236578319490572
DEBUG:root:val Accuracy: 32.9
DEBUG:root:--------------
DEBUG:root:
DEBUG:root:Epoch 28 / 45
DEBUG:root:--------------
DEBUG:root:train Loss: 0.06437086440570397
DEBUG:root:train Accuracy: 99.24
DEBUG:root:val Loss: 3.641598697175685
DEBUG:root:val Accuracy: 24.52
DEBUG:root:--------------
DEBUG:root:
DEBUG:root:Epoch 29 / 45
DEBUG:root:--------------
DEBUG:root:train Loss: 0.05191341526075087
DEBUG:root:train Accuracy: 99.28
DEBUG:root:val Loss: 3.7903778061424336
DEBUG:root:val Accuracy: 26.29
DEBUG:root:--------------
DEBUG:root:
DEBUG:root:Epoch 30 / 45
DEBUG:root:--------------
DEBUG:root:train Loss: 0.05166017623245036
DEBUG:root:train Accuracy: 99.81
DEBUG:root:val Loss: 4.5990448360590594
DEBUG:root:val Accuracy: 32.1
DEBUG:root:--------------
DEBUG:root:
DEBUG:root:Epoch 31 / 45
DEBUG:root:--------------
DEBUG:root:train Loss: 0.04680872420535471
DEBUG:root:train Accuracy: 99.64
DEBUG:root:val Loss: 4.161880995809417
DEBUG:root:val Accuracy: 31.29
DEBUG:root:--------------
DEBUG:root:
DEBUG:root:Epoch 32 / 45
DEBUG:root:--------------
DEBUG:root:train Loss: 0.0490988054655441
DEBUG:root:train Accuracy: 99.97
DEBUG:root:val Loss: 3.8359599303953424
DEBUG:root:val Accuracy: 26.77
DEBUG:root:--------------
DEBUG:root:
DEBUG:root:Epoch 33 / 45
DEBUG:root:--------------
DEBUG:root:train Loss: 0.04104440661812335
DEBUG:root:train Accuracy: 99.93
DEBUG:root:val Loss: 3.849000452105532
DEBUG:root:val Accuracy: 30.16
DEBUG:root:--------------
DEBUG:root:
DEBUG:root:Epoch 34 / 45
DEBUG:root:--------------
DEBUG:root:train Loss: 0.03994333712440689
DEBUG:root:train Accuracy: 99.93
DEBUG:root:val Loss: 4.288981371933652
DEBUG:root:val Accuracy: 29.03
DEBUG:root:--------------
DEBUG:root:
DEBUG:root:Epoch 35 / 45
DEBUG:root:--------------
DEBUG:root:train Loss: 0.04104127391045301
DEBUG:root:train Accuracy: 99.84
DEBUG:root:val Loss: 3.804491497192186
DEBUG:root:val Accuracy: 25.81
DEBUG:root:--------------
DEBUG:root:
DEBUG:root:Epoch 36 / 45
DEBUG:root:--------------
DEBUG:root:train Loss: 0.038733486987498573
DEBUG:root:train Accuracy: 99.88
DEBUG:root:val Loss: 4.093612747708547
DEBUG:root:val Accuracy: 29.52
DEBUG:root:--------------
DEBUG:root:
DEBUG:root:Epoch 37 / 45
DEBUG:root:--------------
DEBUG:root:train Loss: 0.03022637067615904
DEBUG:root:train Accuracy: 99.97
DEBUG:root:val Loss: 3.7598278829731893
DEBUG:root:val Accuracy: 23.06
DEBUG:root:--------------
DEBUG:root:
DEBUG:root:Epoch 38 / 45
DEBUG:root:--------------
DEBUG:root:train Loss: 0.03149044215784298
DEBUG:root:train Accuracy: 99.93
DEBUG:root:val Loss: 3.6900494943574533
DEBUG:root:val Accuracy: 25.65
DEBUG:root:--------------
DEBUG:root:
DEBUG:root:Epoch 39 / 45
DEBUG:root:--------------
DEBUG:root:train Loss: 0.029602823795123516
DEBUG:root:train Accuracy: 99.93
DEBUG:root:val Loss: 3.6893360347477433
DEBUG:root:val Accuracy: 31.13
DEBUG:root:--------------
DEBUG:root:
DEBUG:root:Epoch 40 / 45
DEBUG:root:--------------
DEBUG:root:train Loss: 0.02550353548817422
DEBUG:root:train Accuracy: 99.93
DEBUG:root:val Loss: 3.6263805471130253
DEBUG:root:val Accuracy: 28.39
DEBUG:root:--------------
DEBUG:root:
DEBUG:root:Epoch 41 / 45
DEBUG:root:--------------
DEBUG:root:train Loss: 0.023025847711746615
DEBUG:root:train Accuracy: 97.68
DEBUG:root:val Loss: 3.8666106788153503
DEBUG:root:val Accuracy: 21.45
DEBUG:root:--------------
DEBUG:root:
DEBUG:root:Epoch 42 / 45
DEBUG:root:--------------
DEBUG:root:train Loss: 0.027442549772850166
DEBUG:root:train Accuracy: 99.93
DEBUG:root:val Loss: 4.19910249390553
DEBUG:root:val Accuracy: 33.71
DEBUG:root:--------------
DEBUG:root:
DEBUG:root:Epoch 43 / 45
DEBUG:root:--------------
DEBUG:root:train Loss: 0.018108068685990245
DEBUG:root:train Accuracy: 99.93
DEBUG:root:val Loss: 4.247121529480846
DEBUG:root:val Accuracy: 30.32
DEBUG:root:--------------
DEBUG:root:
DEBUG:root:Epoch 44 / 45
DEBUG:root:--------------
DEBUG:root:train Loss: 0.01751456564547946
DEBUG:root:train Accuracy: 99.93
DEBUG:root:val Loss: 4.099300178055911
DEBUG:root:val Accuracy: 29.35
DEBUG:root:--------------
DEBUG:root:
DEBUG:root:    phase  epoch      loss  accuracy fold
0   train      0  1.365901     30.49    0
1     val      0  1.298991     28.23    0
2   train      1  1.196961     51.93    0
3     val      1  1.560291     26.45    0
4   train      2  0.968730     57.31    0
5     val      2  2.168175     26.13    0
6   train      3  0.822616     66.34    0
7     val      3  1.988615     28.23    0
8   train      4  0.706739     70.10    0
9     val      4  2.210027     23.55    0
10  train      5  0.628782     66.49    0
11    val      5  2.413075     25.16    0
12  train      6  0.557280     78.06    0
13    val      6  2.153653     24.52    0
14  train      7  0.481356     87.27    0
15    val      7  2.675798     26.94    0
16  train      8  0.435175     70.65    0
17    val      8  3.162334     32.42    0
18  train      9  0.363012     91.12    0
19    val      9  2.423103     29.52    0
20  train     10  0.330489     93.08    0
21    val     10  2.699918     31.94    0
22  train     11  0.286969     90.21    0
23    val     11  2.279892     27.58    0
24  train     12  0.257177     96.41    0
25    val     12  2.818409     27.90    0
26  train     13  0.234092     94.16    0
27    val     13  2.879575     29.35    0
28  train     14  0.224612     95.08    0
29    val     14  3.250403     24.52    0
30  train     15  0.201662     95.23    0
31    val     15  2.761548     25.00    0
32  train     16  0.176565     92.23    0
33    val     16  2.752311     31.94    0
34  train     17  0.150150     98.26    0
35    val     17  2.862486     27.58    0
36  train     18  0.150900     66.35    0
37    val     18  5.024660     15.97    0
38  train     19  0.123128     71.33    0
39    val     19  4.813319     12.42    0
40  train     20  0.115855     98.87    0
41    val     20  3.260098     29.03    0
42  train     21  0.100275     96.63    0
43    val     21  3.805875     22.74    0
44  train     22  0.103929     99.76    0
45    val     22  3.837062     26.61    0
46  train     23  0.089640     99.65    0
47    val     23  3.807937     30.97    0
48  train     24  0.086811     99.63    0
49    val     24  3.356180     28.23    0
50  train     25  0.072819     99.86    0
51    val     25  3.311403     30.32    0
52  train     26  0.071367     99.80    0
53    val     26  3.513112     32.58    0
54  train     27  0.076757     99.65    0
55    val     27  3.523658     32.90    0
56  train     28  0.064371     99.24    0
57    val     28  3.641599     24.52    0
58  train     29  0.051913     99.28    0
59    val     29  3.790378     26.29    0
60  train     30  0.051660     99.81    0
61    val     30  4.599045     32.10    0
62  train     31  0.046809     99.64    0
63    val     31  4.161881     31.29    0
64  train     32  0.049099     99.97    0
65    val     32  3.835960     26.77    0
66  train     33  0.041044     99.93    0
67    val     33  3.849000     30.16    0
68  train     34  0.039943     99.93    0
69    val     34  4.288981     29.03    0
70  train     35  0.041041     99.84    0
71    val     35  3.804491     25.81    0
72  train     36  0.038733     99.88    0
73    val     36  4.093613     29.52    0
74  train     37  0.030226     99.97    0
75    val     37  3.759828     23.06    0
76  train     38  0.031490     99.93    0
77    val     38  3.690049     25.65    0
78  train     39  0.029603     99.93    0
79    val     39  3.689336     31.13    0
80  train     40  0.025504     99.93    0
81    val     40  3.626381     28.39    0
82  train     41  0.023026     97.68    0
83    val     41  3.866611     21.45    0
84  train     42  0.027443     99.93    0
85    val     42  4.199102     33.71    0
86  train     43  0.018108     99.93    0
87    val     43  4.247122     30.32    0
88  train     44  0.017515     99.93    0
89    val     44  4.099300     29.35    0
DEBUG:root:
DEBUG:root:         metric  precision    recall  f1-score      support fold
0             0   0.291667  0.844828  0.433628   290.000000    0
1             1   0.464968  0.280769  0.350120  1300.000000    0
2             2   0.253165  0.273973  0.263158  1095.000000    0
3             3   0.000000  0.000000  0.000000   415.000000    0
4      accuracy   0.293548  0.293548  0.293548     0.293548    0
5     macro avg   0.252450  0.349892  0.261727  3100.000000    0
6  weighted avg   0.311696  0.293548  0.280344  3100.000000    0
DEBUG:root:
DEBUG:root:  act_grade    0    1    2    3 fold
0         0  245   45    0    0    0
1         1  330  365  535   70    0
2         2  225  350  300  220    0
3         3   40   25  350    0    0
DEBUG:root:
DEBUG:root:
DEBUG:root:Fold # 1
DEBUG:root:
DEBUG:root:No Train/Test Subject Leakage Found
DEBUG:root:
DEBUG:root:Train
DEBUG:root:Class: 0, Count: 950
DEBUG:root:Class: 1, Count: 5154
DEBUG:root:Class: 2, Count: 4365
DEBUG:root:Class: 3, Count: 1617
DEBUG:root:
DEBUG:root:Test
DEBUG:root:Class: 0, Count: 255
DEBUG:root:Class: 1, Count: 1305
DEBUG:root:Class: 2, Count: 1100
DEBUG:root:Class: 3, Count: 400
DEBUG:root:
DEBUG:root:Using Parallel CUDA GPUs
DEBUG:root:
DEBUG:root:Epoch 0 / 45
DEBUG:root:--------------
DEBUG:root:train Loss: 1.3059971517040616
DEBUG:root:train Accuracy: 33.35
DEBUG:root:val Loss: 1.9017823313673337
DEBUG:root:val Accuracy: 10.46
DEBUG:root:--------------
DEBUG:root:
DEBUG:root:Epoch 1 / 45
DEBUG:root:--------------
DEBUG:root:train Loss: 1.1255589412160651
DEBUG:root:train Accuracy: 44.36
DEBUG:root:val Loss: 2.1611554666111865
DEBUG:root:val Accuracy: 23.37
DEBUG:root:--------------
DEBUG:root:
DEBUG:root:Epoch 2 / 45
DEBUG:root:--------------
DEBUG:root:train Loss: 0.8884873666933605
DEBUG:root:train Accuracy: 44.79
DEBUG:root:val Loss: 2.7683533218999705
DEBUG:root:val Accuracy: 17.32
DEBUG:root:--------------
DEBUG:root:
DEBUG:root:Epoch 3 / 45
DEBUG:root:--------------
DEBUG:root:train Loss: 0.7574088486729476
DEBUG:root:train Accuracy: 70.39
DEBUG:root:val Loss: 2.807876443490386
DEBUG:root:val Accuracy: 31.86
DEBUG:root:--------------
DEBUG:root:
DEBUG:root:Epoch 4 / 45
DEBUG:root:--------------
DEBUG:root:train Loss: 0.6453661091783375
DEBUG:root:train Accuracy: 65.82
DEBUG:root:val Loss: 3.2736617078383765
DEBUG:root:val Accuracy: 29.41
DEBUG:root:--------------
DEBUG:root:
DEBUG:root:Epoch 5 / 45
DEBUG:root:--------------
DEBUG:root:train Loss: 0.5866432151900082
DEBUG:root:train Accuracy: 38.11
DEBUG:root:val Loss: 4.949679642294844
DEBUG:root:val Accuracy: 14.05
DEBUG:root:--------------
DEBUG:root:
DEBUG:root:Epoch 6 / 45
DEBUG:root:--------------
DEBUG:root:train Loss: 0.529856616029979
DEBUG:root:train Accuracy: 82.23
DEBUG:root:val Loss: 3.790659318988522
DEBUG:root:val Accuracy: 31.7
DEBUG:root:--------------
DEBUG:root:
DEBUG:root:Epoch 7 / 45
DEBUG:root:--------------
DEBUG:root:train Loss: 0.4687459999646144
DEBUG:root:train Accuracy: 76.37
DEBUG:root:val Loss: 3.824859163723886
DEBUG:root:val Accuracy: 25.33
DEBUG:root:--------------
DEBUG:root:
DEBUG:root:Epoch 8 / 45
DEBUG:root:--------------
DEBUG:root:train Loss: 0.40891330835049744
DEBUG:root:train Accuracy: 71.79
DEBUG:root:val Loss: 4.48605712937812
DEBUG:root:val Accuracy: 25.49
DEBUG:root:--------------
DEBUG:root:
DEBUG:root:Epoch 9 / 45
DEBUG:root:--------------
DEBUG:root:train Loss: 0.38139890219089845
DEBUG:root:train Accuracy: 87.91
DEBUG:root:val Loss: 4.322017235681415
DEBUG:root:val Accuracy: 30.39
DEBUG:root:--------------
DEBUG:root:
DEBUG:root:Epoch 10 / 45
DEBUG:root:--------------
DEBUG:root:train Loss: 0.3363828065130052
DEBUG:root:train Accuracy: 80.28
DEBUG:root:val Loss: 4.54370423189054
DEBUG:root:val Accuracy: 32.84
DEBUG:root:--------------
DEBUG:root:
DEBUG:root:Epoch 11 / 45
DEBUG:root:--------------
DEBUG:root:train Loss: 0.28865687887642594
DEBUG:root:train Accuracy: 92.29
DEBUG:root:val Loss: 4.899509506300092
DEBUG:root:val Accuracy: 34.97
DEBUG:root:--------------
DEBUG:root:
DEBUG:root:Epoch 12 / 45
DEBUG:root:--------------
DEBUG:root:train Loss: 0.2516645023195201
DEBUG:root:train Accuracy: 39.96
DEBUG:root:val Loss: 9.126800010601679
DEBUG:root:val Accuracy: 6.37
DEBUG:root:--------------
DEBUG:root:
DEBUG:root:Epoch 13 / 45
DEBUG:root:--------------
DEBUG:root:train Loss: 0.2279642707786508
DEBUG:root:train Accuracy: 93.28
DEBUG:root:val Loss: 5.438242406273882
DEBUG:root:val Accuracy: 29.58
DEBUG:root:--------------
DEBUG:root:
DEBUG:root:Epoch 14 / 45
DEBUG:root:--------------
DEBUG:root:train Loss: 0.21724070871012316
DEBUG:root:train Accuracy: 91.81
DEBUG:root:val Loss: 4.537818764025967
DEBUG:root:val Accuracy: 28.76
DEBUG:root:--------------
DEBUG:root:
DEBUG:root:Epoch 15 / 45
DEBUG:root:--------------
DEBUG:root:train Loss: 0.1950673222007161
DEBUG:root:train Accuracy: 90.65
DEBUG:root:val Loss: 3.8086222180475793
DEBUG:root:val Accuracy: 40.03
DEBUG:root:--------------
DEBUG:root:
DEBUG:root:Epoch 16 / 45
DEBUG:root:--------------
DEBUG:root:train Loss: 0.16440987917126487
DEBUG:root:train Accuracy: 96.61
DEBUG:root:val Loss: 5.206602438973884
DEBUG:root:val Accuracy: 33.99
DEBUG:root:--------------
DEBUG:root:
DEBUG:root:Epoch 17 / 45
DEBUG:root:--------------
DEBUG:root:train Loss: 0.15507042243221786
DEBUG:root:train Accuracy: 93.32
DEBUG:root:val Loss: 6.869183603674173
DEBUG:root:val Accuracy: 36.76
DEBUG:root:--------------
DEBUG:root:
DEBUG:root:Epoch 18 / 45
DEBUG:root:--------------
DEBUG:root:train Loss: 0.13543967005184473
DEBUG:root:train Accuracy: 80.86
DEBUG:root:val Loss: 3.176185625915726
DEBUG:root:val Accuracy: 24.02
DEBUG:root:--------------
DEBUG:root:
DEBUG:root:Epoch 19 / 45
DEBUG:root:--------------
DEBUG:root:train Loss: 0.13975737225781712
DEBUG:root:train Accuracy: 74.45
DEBUG:root:val Loss: 6.798648200929165
DEBUG:root:val Accuracy: 16.01
DEBUG:root:--------------
DEBUG:root:
DEBUG:root:Epoch 20 / 45
DEBUG:root:--------------
DEBUG:root:train Loss: 0.11019895647199104
DEBUG:root:train Accuracy: 97.13
DEBUG:root:val Loss: 6.928944377539058
DEBUG:root:val Accuracy: 37.91
DEBUG:root:--------------
DEBUG:root:
DEBUG:root:Epoch 21 / 45
DEBUG:root:--------------
DEBUG:root:train Loss: 0.09971661554038445
DEBUG:root:train Accuracy: 97.04
DEBUG:root:val Loss: 6.779950542375445
DEBUG:root:val Accuracy: 31.7
DEBUG:root:--------------
DEBUG:root:
DEBUG:root:Epoch 22 / 45
DEBUG:root:--------------
DEBUG:root:train Loss: 0.0944346535267806
DEBUG:root:train Accuracy: 95.98
DEBUG:root:val Loss: 4.229988785460591
DEBUG:root:val Accuracy: 26.14
DEBUG:root:--------------
DEBUG:root:
DEBUG:root:Epoch 23 / 45
DEBUG:root:--------------
DEBUG:root:train Loss: 0.07903896671305312
DEBUG:root:train Accuracy: 99.45
DEBUG:root:val Loss: 4.834297200043996
DEBUG:root:val Accuracy: 27.94
DEBUG:root:--------------
DEBUG:root:
DEBUG:root:Epoch 24 / 45
DEBUG:root:--------------
DEBUG:root:train Loss: 0.08040643264505662
DEBUG:root:train Accuracy: 99.14
DEBUG:root:val Loss: 5.038938330486417
DEBUG:root:val Accuracy: 33.66
DEBUG:root:--------------
DEBUG:root:
DEBUG:root:Epoch 25 / 45
DEBUG:root:--------------
DEBUG:root:train Loss: 0.08054105892824255
DEBUG:root:train Accuracy: 99.71
DEBUG:root:val Loss: 5.093824651092291
DEBUG:root:val Accuracy: 25.82
DEBUG:root:--------------
DEBUG:root:
DEBUG:root:Epoch 26 / 45
DEBUG:root:--------------
DEBUG:root:train Loss: 0.06843955895020232
DEBUG:root:train Accuracy: 72.7
DEBUG:root:val Loss: 5.538745628048976
DEBUG:root:val Accuracy: 17.16
DEBUG:root:--------------
DEBUG:root:
DEBUG:root:Epoch 27 / 45
DEBUG:root:--------------
DEBUG:root:train Loss: 0.062330431602839825
DEBUG:root:train Accuracy: 99.74
DEBUG:root:val Loss: 5.31643429150184
DEBUG:root:val Accuracy: 28.1
DEBUG:root:--------------
DEBUG:root:
DEBUG:root:Epoch 28 / 45
DEBUG:root:--------------
DEBUG:root:train Loss: 0.0628284360403004
DEBUG:root:train Accuracy: 95.73
DEBUG:root:val Loss: 3.464782491326332
DEBUG:root:val Accuracy: 35.95
DEBUG:root:--------------
DEBUG:root:
DEBUG:root:Epoch 29 / 45
DEBUG:root:--------------
DEBUG:root:train Loss: 0.058101858298257904
DEBUG:root:train Accuracy: 99.8
DEBUG:root:val Loss: 6.683458153779308
DEBUG:root:val Accuracy: 27.45
DEBUG:root:--------------
DEBUG:root:
DEBUG:root:Epoch 30 / 45
DEBUG:root:--------------
DEBUG:root:train Loss: 0.054154121312580725
DEBUG:root:train Accuracy: 99.89
DEBUG:root:val Loss: 4.861119440756738
DEBUG:root:val Accuracy: 29.25
DEBUG:root:--------------
DEBUG:root:
DEBUG:root:Epoch 31 / 45
DEBUG:root:--------------
DEBUG:root:train Loss: 0.056230962008518716
DEBUG:root:train Accuracy: 98.06
DEBUG:root:val Loss: 4.707309726625681
DEBUG:root:val Accuracy: 29.41
DEBUG:root:--------------
DEBUG:root:
DEBUG:root:Epoch 32 / 45
DEBUG:root:--------------
DEBUG:root:train Loss: 0.044290310750415465
DEBUG:root:train Accuracy: 99.88
DEBUG:root:val Loss: 4.898520773897569
DEBUG:root:val Accuracy: 28.43
DEBUG:root:--------------
DEBUG:root:
DEBUG:root:Epoch 33 / 45
DEBUG:root:--------------
DEBUG:root:train Loss: 0.04208688789864056
DEBUG:root:train Accuracy: 99.84
DEBUG:root:val Loss: 5.530118744820356
DEBUG:root:val Accuracy: 32.52
DEBUG:root:--------------
DEBUG:root:
DEBUG:root:Epoch 34 / 45
DEBUG:root:--------------
DEBUG:root:train Loss: 0.042926880271965825
DEBUG:root:train Accuracy: 99.78
DEBUG:root:val Loss: 4.959612774973114
DEBUG:root:val Accuracy: 33.99
DEBUG:root:--------------
DEBUG:root:
DEBUG:root:Epoch 35 / 45
DEBUG:root:--------------
DEBUG:root:train Loss: 0.04347889981323129
DEBUG:root:train Accuracy: 99.88
DEBUG:root:val Loss: 4.267151800294717
DEBUG:root:val Accuracy: 32.19
DEBUG:root:--------------
DEBUG:root:
DEBUG:root:Epoch 36 / 45
DEBUG:root:--------------
DEBUG:root:train Loss: 0.036074795767374795
DEBUG:root:train Accuracy: 99.86
DEBUG:root:val Loss: 5.009774927670757
DEBUG:root:val Accuracy: 31.54
DEBUG:root:--------------
DEBUG:root:
DEBUG:root:Epoch 37 / 45
DEBUG:root:--------------
DEBUG:root:train Loss: 0.04129644535129604
DEBUG:root:train Accuracy: 99.83
DEBUG:root:val Loss: 5.398442437251409
DEBUG:root:val Accuracy: 29.25
DEBUG:root:--------------
DEBUG:root:
DEBUG:root:Epoch 38 / 45
DEBUG:root:--------------
DEBUG:root:train Loss: 0.038403953777757974
DEBUG:root:train Accuracy: 98.82
DEBUG:root:val Loss: 5.363256727655728
DEBUG:root:val Accuracy: 38.4
DEBUG:root:--------------
DEBUG:root:
DEBUG:root:Epoch 39 / 45
DEBUG:root:--------------
DEBUG:root:train Loss: 0.03224680232485524
DEBUG:root:train Accuracy: 99.01
DEBUG:root:val Loss: 7.306536007051666
DEBUG:root:val Accuracy: 19.12
DEBUG:root:--------------
DEBUG:root:
DEBUG:root:Epoch 40 / 45
DEBUG:root:--------------
DEBUG:root:train Loss: 0.03187581566182041
DEBUG:root:train Accuracy: 89.7
DEBUG:root:val Loss: 6.820713465179627
DEBUG:root:val Accuracy: 33.01
DEBUG:root:--------------
DEBUG:root:
DEBUG:root:Epoch 41 / 45
DEBUG:root:--------------
DEBUG:root:train Loss: 0.0314833223305796
DEBUG:root:train Accuracy: 97.67
DEBUG:root:val Loss: 5.812167300532262
DEBUG:root:val Accuracy: 38.73
DEBUG:root:--------------
DEBUG:root:
DEBUG:root:Epoch 42 / 45
DEBUG:root:--------------
DEBUG:root:train Loss: 0.03685734065364823
DEBUG:root:train Accuracy: 99.89
DEBUG:root:val Loss: 5.90728057983021
DEBUG:root:val Accuracy: 32.52
DEBUG:root:--------------
DEBUG:root:
DEBUG:root:Epoch 43 / 45
DEBUG:root:--------------
DEBUG:root:train Loss: 0.02831396276012547
DEBUG:root:train Accuracy: 99.84
DEBUG:root:val Loss: 5.553051308418314
DEBUG:root:val Accuracy: 30.56
DEBUG:root:--------------
DEBUG:root:
DEBUG:root:Epoch 44 / 45
DEBUG:root:--------------
DEBUG:root:train Loss: 0.02282772628454493
DEBUG:root:train Accuracy: 99.93
DEBUG:root:val Loss: 4.656721048677961
DEBUG:root:val Accuracy: 32.84
DEBUG:root:--------------
DEBUG:root:
DEBUG:root:    phase  epoch      loss  accuracy fold
0   train      0  1.305997     33.35    1
1     val      0  1.901782     10.46    1
2   train      1  1.125559     44.36    1
3     val      1  2.161155     23.37    1
4   train      2  0.888487     44.79    1
5     val      2  2.768353     17.32    1
6   train      3  0.757409     70.39    1
7     val      3  2.807876     31.86    1
8   train      4  0.645366     65.82    1
9     val      4  3.273662     29.41    1
10  train      5  0.586643     38.11    1
11    val      5  4.949680     14.05    1
12  train      6  0.529857     82.23    1
13    val      6  3.790659     31.70    1
14  train      7  0.468746     76.37    1
15    val      7  3.824859     25.33    1
16  train      8  0.408913     71.79    1
17    val      8  4.486057     25.49    1
18  train      9  0.381399     87.91    1
19    val      9  4.322017     30.39    1
20  train     10  0.336383     80.28    1
21    val     10  4.543704     32.84    1
22  train     11  0.288657     92.29    1
23    val     11  4.899510     34.97    1
24  train     12  0.251665     39.96    1
25    val     12  9.126800      6.37    1
26  train     13  0.227964     93.28    1
27    val     13  5.438242     29.58    1
28  train     14  0.217241     91.81    1
29    val     14  4.537819     28.76    1
30  train     15  0.195067     90.65    1
31    val     15  3.808622     40.03    1
32  train     16  0.164410     96.61    1
33    val     16  5.206602     33.99    1
34  train     17  0.155070     93.32    1
35    val     17  6.869184     36.76    1
36  train     18  0.135440     80.86    1
37    val     18  3.176186     24.02    1
38  train     19  0.139757     74.45    1
39    val     19  6.798648     16.01    1
40  train     20  0.110199     97.13    1
41    val     20  6.928944     37.91    1
42  train     21  0.099717     97.04    1
43    val     21  6.779951     31.70    1
44  train     22  0.094435     95.98    1
45    val     22  4.229989     26.14    1
46  train     23  0.079039     99.45    1
47    val     23  4.834297     27.94    1
48  train     24  0.080406     99.14    1
49    val     24  5.038938     33.66    1
50  train     25  0.080541     99.71    1
51    val     25  5.093825     25.82    1
52  train     26  0.068440     72.70    1
53    val     26  5.538746     17.16    1
54  train     27  0.062330     99.74    1
55    val     27  5.316434     28.10    1
56  train     28  0.062828     95.73    1
57    val     28  3.464782     35.95    1
58  train     29  0.058102     99.80    1
59    val     29  6.683458     27.45    1
60  train     30  0.054154     99.89    1
61    val     30  4.861119     29.25    1
62  train     31  0.056231     98.06    1
63    val     31  4.707310     29.41    1
64  train     32  0.044290     99.88    1
65    val     32  4.898521     28.43    1
66  train     33  0.042087     99.84    1
67    val     33  5.530119     32.52    1
68  train     34  0.042927     99.78    1
69    val     34  4.959613     33.99    1
70  train     35  0.043479     99.88    1
71    val     35  4.267152     32.19    1
72  train     36  0.036075     99.86    1
73    val     36  5.009775     31.54    1
74  train     37  0.041296     99.83    1
75    val     37  5.398442     29.25    1
76  train     38  0.038404     98.82    1
77    val     38  5.363257     38.40    1
78  train     39  0.032247     99.01    1
79    val     39  7.306536     19.12    1
80  train     40  0.031876     89.70    1
81    val     40  6.820713     33.01    1
82  train     41  0.031483     97.67    1
83    val     41  5.812167     38.73    1
84  train     42  0.036857     99.89    1
85    val     42  5.907281     32.52    1
86  train     43  0.028314     99.84    1
87    val     43  5.553051     30.56    1
88  train     44  0.022828     99.93    1
89    val     44  4.656721     32.84    1
DEBUG:root:
DEBUG:root:         metric  precision    recall  f1-score      support fold
0             0   0.000000  0.000000  0.000000   255.000000    1
1             1   0.455224  0.467433  0.461248  1305.000000    1
2             2   0.178344  0.127273  0.148541  1100.000000    1
3             3   0.340000  0.637500  0.443478   400.000000    1
4      accuracy   0.328431  0.328431  0.328431     0.328431    1
5     macro avg   0.243392  0.308051  0.263317  3060.000000    1
6  weighted avg   0.302695  0.328431  0.308077  3060.000000    1
DEBUG:root:
DEBUG:root:  act_grade    0    1    2    3 fold
0         0    0   80  155   20    1
1         1  130  610  390  175    1
2         2   55  605  140  300    1
3         3    0   45  100  255    1
DEBUG:root:
DEBUG:root:
DEBUG:root:Fold # 2
DEBUG:root:
DEBUG:root:No Train/Test Subject Leakage Found
DEBUG:root:
DEBUG:root:Train
DEBUG:root:Class: 0, Count: 985
DEBUG:root:Class: 1, Count: 5135
DEBUG:root:Class: 2, Count: 4370
DEBUG:root:Class: 3, Count: 1627
DEBUG:root:
DEBUG:root:Test
DEBUG:root:Class: 0, Count: 220
DEBUG:root:Class: 1, Count: 1324
DEBUG:root:Class: 2, Count: 1095
DEBUG:root:Class: 3, Count: 390
DEBUG:root:
DEBUG:root:Using Parallel CUDA GPUs
DEBUG:root:
DEBUG:root:Epoch 0 / 45
DEBUG:root:--------------
DEBUG:root:train Loss: 1.289059572688508
DEBUG:root:train Accuracy: 40.41
DEBUG:root:val Loss: 1.7703996501470867
DEBUG:root:val Accuracy: 23.94
DEBUG:root:--------------
DEBUG:root:
DEBUG:root:Epoch 1 / 45
DEBUG:root:--------------
DEBUG:root:train Loss: 1.05004799436768
DEBUG:root:train Accuracy: 52.02
DEBUG:root:val Loss: 1.7938765613656296
DEBUG:root:val Accuracy: 45.56
DEBUG:root:--------------
DEBUG:root:
DEBUG:root:Epoch 2 / 45
DEBUG:root:--------------
DEBUG:root:train Loss: 0.8537843381902473
DEBUG:root:train Accuracy: 62.6
DEBUG:root:val Loss: 1.8887958805812033
DEBUG:root:val Accuracy: 48.0
DEBUG:root:--------------
DEBUG:root:
DEBUG:root:Epoch 3 / 45
DEBUG:root:--------------
DEBUG:root:train Loss: 0.733600933311168
DEBUG:root:train Accuracy: 67.49
DEBUG:root:val Loss: 2.3828383473973527
DEBUG:root:val Accuracy: 48.17
DEBUG:root:--------------
DEBUG:root:
DEBUG:root:Epoch 4 / 45
DEBUG:root:--------------
DEBUG:root:train Loss: 0.645212939947765
DEBUG:root:train Accuracy: 72.26
DEBUG:root:val Loss: 3.1432190832338835
DEBUG:root:val Accuracy: 44.57
DEBUG:root:--------------
DEBUG:root:
DEBUG:root:Epoch 5 / 45
DEBUG:root:--------------
DEBUG:root:train Loss: 0.5765666746605669
DEBUG:root:train Accuracy: 69.63
DEBUG:root:val Loss: 2.2722838182198375
DEBUG:root:val Accuracy: 42.72
DEBUG:root:--------------
DEBUG:root:
DEBUG:root:Epoch 6 / 45
DEBUG:root:--------------
DEBUG:root:train Loss: 0.51901212519423
DEBUG:root:train Accuracy: 60.72
DEBUG:root:val Loss: 2.7002540211928516
DEBUG:root:val Accuracy: 31.83
DEBUG:root:--------------
DEBUG:root:
DEBUG:root:Epoch 7 / 45
DEBUG:root:--------------
DEBUG:root:train Loss: 0.4359488486064141
DEBUG:root:train Accuracy: 48.87
DEBUG:root:val Loss: 4.459346863784288
DEBUG:root:val Accuracy: 27.86
DEBUG:root:--------------
DEBUG:root:
DEBUG:root:Epoch 8 / 45
DEBUG:root:--------------
DEBUG:root:train Loss: 0.3984195535565115
DEBUG:root:train Accuracy: 70.54
DEBUG:root:val Loss: 3.4684162180674702
DEBUG:root:val Accuracy: 34.3
DEBUG:root:--------------
DEBUG:root:
DEBUG:root:Epoch 9 / 45
DEBUG:root:--------------
DEBUG:root:train Loss: 0.34611479697213327
DEBUG:root:train Accuracy: 85.35
DEBUG:root:val Loss: 2.7888882040977476
DEBUG:root:val Accuracy: 36.32
DEBUG:root:--------------
DEBUG:root:
DEBUG:root:Epoch 10 / 45
DEBUG:root:--------------
DEBUG:root:train Loss: 0.30688530073493797
DEBUG:root:train Accuracy: 70.94
DEBUG:root:val Loss: 3.5432485097333006
DEBUG:root:val Accuracy: 27.7
DEBUG:root:--------------
DEBUG:root:
DEBUG:root:Epoch 11 / 45
DEBUG:root:--------------
DEBUG:root:train Loss: 0.27904597109080465
DEBUG:root:train Accuracy: 73.84
DEBUG:root:val Loss: 4.10118232589019
DEBUG:root:val Accuracy: 40.08
DEBUG:root:--------------
DEBUG:root:
DEBUG:root:Epoch 12 / 45
DEBUG:root:--------------
DEBUG:root:train Loss: 0.2558897153073848
DEBUG:root:train Accuracy: 95.35
DEBUG:root:val Loss: 3.7399641786750992
DEBUG:root:val Accuracy: 46.85
DEBUG:root:--------------
DEBUG:root:
DEBUG:root:Epoch 13 / 45
DEBUG:root:--------------
DEBUG:root:train Loss: 0.2173586324260307
DEBUG:root:train Accuracy: 89.98
DEBUG:root:val Loss: 4.209924959508997
DEBUG:root:val Accuracy: 46.19
DEBUG:root:--------------
DEBUG:root:
DEBUG:root:Epoch 14 / 45
DEBUG:root:--------------
DEBUG:root:train Loss: 0.20374340305011474
DEBUG:root:train Accuracy: 97.66
DEBUG:root:val Loss: 3.541661002134022
DEBUG:root:val Accuracy: 40.08
DEBUG:root:--------------
DEBUG:root:
DEBUG:root:Epoch 15 / 45
DEBUG:root:--------------
DEBUG:root:train Loss: 0.17621872038641911
DEBUG:root:train Accuracy: 98.3
DEBUG:root:val Loss: 5.107318449647803
DEBUG:root:val Accuracy: 43.38
DEBUG:root:--------------
DEBUG:root:
DEBUG:root:Epoch 16 / 45
DEBUG:root:--------------
DEBUG:root:train Loss: 0.15764636585751848
DEBUG:root:train Accuracy: 98.4
DEBUG:root:val Loss: 4.373003432938927
DEBUG:root:val Accuracy: 42.89
DEBUG:root:--------------
DEBUG:root:
DEBUG:root:Epoch 17 / 45
DEBUG:root:--------------
DEBUG:root:train Loss: 0.14100891737989826
DEBUG:root:train Accuracy: 95.8
DEBUG:root:val Loss: 3.4474411242886593
DEBUG:root:val Accuracy: 33.01
DEBUG:root:--------------
DEBUG:root:
DEBUG:root:Epoch 18 / 45
DEBUG:root:--------------
DEBUG:root:train Loss: 0.14385646919069914
DEBUG:root:train Accuracy: 92.95
DEBUG:root:val Loss: 4.511127835198453
DEBUG:root:val Accuracy: 29.22
DEBUG:root:--------------
DEBUG:root:
DEBUG:root:Epoch 19 / 45
DEBUG:root:--------------
DEBUG:root:train Loss: 0.12656032281195484
DEBUG:root:train Accuracy: 99.06
DEBUG:root:val Loss: 5.653722363396695
DEBUG:root:val Accuracy: 37.8
DEBUG:root:--------------
DEBUG:root:
DEBUG:root:Epoch 20 / 45
DEBUG:root:--------------
DEBUG:root:train Loss: 0.11039175700914179
DEBUG:root:train Accuracy: 99.22
DEBUG:root:val Loss: 3.9254229576964126
DEBUG:root:val Accuracy: 36.15
DEBUG:root:--------------
DEBUG:root:
DEBUG:root:Epoch 21 / 45
DEBUG:root:--------------
DEBUG:root:train Loss: 0.09795403430492698
DEBUG:root:train Accuracy: 83.47
DEBUG:root:val Loss: 6.290087984737597
DEBUG:root:val Accuracy: 41.27
DEBUG:root:--------------
DEBUG:root:
DEBUG:root:Epoch 22 / 45
DEBUG:root:--------------
DEBUG:root:train Loss: 0.0916144861274529
DEBUG:root:train Accuracy: 99.34
DEBUG:root:val Loss: 4.407753957259027
DEBUG:root:val Accuracy: 39.62
DEBUG:root:--------------
DEBUG:root:
DEBUG:root:Epoch 23 / 45
DEBUG:root:--------------
DEBUG:root:train Loss: 0.0895268964426995
