DEBUG:root:
DEBUG:root:Hyperparameters: 
DEBUG:root:Sequences: ['t1.nii.gz', 't1c.nii.gz', 'flair.nii.gz', 't2.nii.gz', 'adc.nii.gz']
DEBUG:root:Input Channels: 5
DEBUG:root:# Classes: 4
DEBUG:root:# Epochs: 45
DEBUG:root:Optimizer: RMSprop
DEBUG:root:Learning Rate: 9.548645883813129e-06
DEBUG:root:Dropout: 0.17630165574787332
DEBUG:root:Batch Size: 16
DEBUG:root:L2 Regularization: 0.0001010167399458953
DEBUG:root:
DEBUG:root:Loss Function Weights: tensor(12.) tensor(2.) tensor(2.) tensor(7.)
DEBUG:root:
DEBUG:root:Fold # 0
DEBUG:root:
DEBUG:root:No Train/Test Subject Leakage Found
DEBUG:root:
DEBUG:root:Train
DEBUG:root:Class: 0, Count: 915
DEBUG:root:Class: 1, Count: 5159
DEBUG:root:Class: 2, Count: 4370
DEBUG:root:Class: 3, Count: 1602
DEBUG:root:
DEBUG:root:Test
DEBUG:root:Class: 0, Count: 290
DEBUG:root:Class: 1, Count: 1300
DEBUG:root:Class: 2, Count: 1095
DEBUG:root:Class: 3, Count: 415
DEBUG:root:
DEBUG:root:Using Parallel CUDA GPUs
DEBUG:root:
DEBUG:root:Epoch 0 / 45
DEBUG:root:--------------
DEBUG:root:train Loss: 1.4155510250790662
DEBUG:root:train Accuracy: 12.67
DEBUG:root:val Loss: 1.4120069410383087
DEBUG:root:val Accuracy: 3.39
DEBUG:root:--------------
DEBUG:root:
DEBUG:root:Epoch 1 / 45
DEBUG:root:--------------
DEBUG:root:train Loss: 1.4015633344333644
DEBUG:root:train Accuracy: 13.58
DEBUG:root:val Loss: 1.446582273724153
DEBUG:root:val Accuracy: 7.74
DEBUG:root:--------------
DEBUG:root:
DEBUG:root:Epoch 2 / 45
DEBUG:root:--------------
DEBUG:root:train Loss: 1.3825753011393198
DEBUG:root:train Accuracy: 29.82
DEBUG:root:val Loss: 1.4545301672109623
DEBUG:root:val Accuracy: 30.0
DEBUG:root:--------------
DEBUG:root:
DEBUG:root:Epoch 3 / 45
DEBUG:root:--------------
DEBUG:root:train Loss: 1.372070081522107
DEBUG:root:train Accuracy: 19.61
DEBUG:root:val Loss: 1.4188869681554972
DEBUG:root:val Accuracy: 20.0
DEBUG:root:--------------
DEBUG:root:
DEBUG:root:Epoch 4 / 45
DEBUG:root:--------------
DEBUG:root:train Loss: 1.3498952189289717
DEBUG:root:train Accuracy: 14.37
DEBUG:root:val Loss: 1.4541311497540819
DEBUG:root:val Accuracy: 14.03
DEBUG:root:--------------
DEBUG:root:
DEBUG:root:Epoch 5 / 45
DEBUG:root:--------------
DEBUG:root:train Loss: 1.3380333539024292
DEBUG:root:train Accuracy: 22.01
DEBUG:root:val Loss: 1.291542424369104
DEBUG:root:val Accuracy: 29.03
DEBUG:root:--------------
DEBUG:root:
DEBUG:root:Epoch 6 / 45
DEBUG:root:--------------
DEBUG:root:train Loss: 1.3080262355753782
DEBUG:root:train Accuracy: 17.34
DEBUG:root:val Loss: 1.3585771604911567
DEBUG:root:val Accuracy: 23.55
DEBUG:root:--------------
DEBUG:root:
DEBUG:root:Epoch 7 / 45
DEBUG:root:--------------
DEBUG:root:train Loss: 1.2808356421243938
DEBUG:root:train Accuracy: 16.53
DEBUG:root:val Loss: 1.4747603326728664
DEBUG:root:val Accuracy: 22.1
DEBUG:root:--------------
DEBUG:root:
DEBUG:root:Epoch 8 / 45
DEBUG:root:--------------
DEBUG:root:train Loss: 1.237099664461407
DEBUG:root:train Accuracy: 29.85
DEBUG:root:val Loss: 1.1306308209896088
DEBUG:root:val Accuracy: 35.48
DEBUG:root:--------------
DEBUG:root:
DEBUG:root:Epoch 9 / 45
DEBUG:root:--------------
DEBUG:root:train Loss: 1.2035365180665278
DEBUG:root:train Accuracy: 26.77
DEBUG:root:val Loss: 1.2586611773549896
DEBUG:root:val Accuracy: 31.77
DEBUG:root:--------------
DEBUG:root:
DEBUG:root:Epoch 10 / 45
DEBUG:root:--------------
DEBUG:root:train Loss: 1.1576866447371474
DEBUG:root:train Accuracy: 37.45
DEBUG:root:val Loss: 1.0564111053329153
DEBUG:root:val Accuracy: 36.29
DEBUG:root:--------------
DEBUG:root:
DEBUG:root:Epoch 11 / 45
DEBUG:root:--------------
DEBUG:root:train Loss: 1.1363896756849758
DEBUG:root:train Accuracy: 35.48
DEBUG:root:val Loss: 1.180018059371673
DEBUG:root:val Accuracy: 28.39
DEBUG:root:--------------
DEBUG:root:
DEBUG:root:Epoch 12 / 45
DEBUG:root:--------------
DEBUG:root:train Loss: 1.1154336975231904
DEBUG:root:train Accuracy: 38.16
DEBUG:root:val Loss: 1.2900292504694044
DEBUG:root:val Accuracy: 32.58
DEBUG:root:--------------
DEBUG:root:
DEBUG:root:Epoch 13 / 45
DEBUG:root:--------------
DEBUG:root:train Loss: 1.078000121699228
DEBUG:root:train Accuracy: 42.54
DEBUG:root:val Loss: 1.6460800656338328
DEBUG:root:val Accuracy: 20.16
DEBUG:root:--------------
DEBUG:root:
DEBUG:root:Epoch 14 / 45
DEBUG:root:--------------
DEBUG:root:train Loss: 1.0502799695943932
DEBUG:root:train Accuracy: 41.22
DEBUG:root:val Loss: 1.311746822190039
DEBUG:root:val Accuracy: 25.48
DEBUG:root:--------------
DEBUG:root:
DEBUG:root:Epoch 15 / 45
DEBUG:root:--------------
DEBUG:root:train Loss: 1.020931227273675
DEBUG:root:train Accuracy: 45.31
DEBUG:root:val Loss: 1.5853974739300836
DEBUG:root:val Accuracy: 22.26
DEBUG:root:--------------
DEBUG:root:
DEBUG:root:Epoch 16 / 45
DEBUG:root:--------------
DEBUG:root:train Loss: 0.9866695650624405
DEBUG:root:train Accuracy: 47.97
DEBUG:root:val Loss: 1.4565917616037978
DEBUG:root:val Accuracy: 24.19
DEBUG:root:--------------
DEBUG:root:
DEBUG:root:Epoch 17 / 45
DEBUG:root:--------------
DEBUG:root:train Loss: 0.9532670457841232
DEBUG:root:train Accuracy: 43.02
DEBUG:root:val Loss: 1.3634505662106977
DEBUG:root:val Accuracy: 24.84
DEBUG:root:--------------
DEBUG:root:
DEBUG:root:Epoch 18 / 45
DEBUG:root:--------------
DEBUG:root:train Loss: 0.9131908389834927
DEBUG:root:train Accuracy: 51.36
DEBUG:root:val Loss: 1.61574526760996
DEBUG:root:val Accuracy: 20.16
DEBUG:root:--------------
DEBUG:root:
DEBUG:root:Epoch 19 / 45
DEBUG:root:--------------
DEBUG:root:train Loss: 0.8755420070007978
DEBUG:root:train Accuracy: 59.21
DEBUG:root:val Loss: 1.8876578780179172
DEBUG:root:val Accuracy: 20.97
DEBUG:root:--------------
DEBUG:root:
DEBUG:root:Epoch 20 / 45
DEBUG:root:--------------
DEBUG:root:train Loss: 0.863538641339121
DEBUG:root:train Accuracy: 57.44
DEBUG:root:val Loss: 1.8046316476826816
DEBUG:root:val Accuracy: 19.68
DEBUG:root:--------------
DEBUG:root:
DEBUG:root:Epoch 21 / 45
DEBUG:root:--------------
DEBUG:root:train Loss: 0.8280153365170022
DEBUG:root:train Accuracy: 61.25
DEBUG:root:val Loss: 2.113382788048577
DEBUG:root:val Accuracy: 16.13
DEBUG:root:--------------
DEBUG:root:
DEBUG:root:Epoch 22 / 45
DEBUG:root:--------------
DEBUG:root:train Loss: 0.7963883529304666
DEBUG:root:train Accuracy: 62.49
DEBUG:root:val Loss: 1.9484732934494609
DEBUG:root:val Accuracy: 20.81
DEBUG:root:--------------
DEBUG:root:
DEBUG:root:Epoch 23 / 45
DEBUG:root:--------------
DEBUG:root:train Loss: 0.765011030878837
DEBUG:root:train Accuracy: 66.51
DEBUG:root:val Loss: 2.3006607515295756
DEBUG:root:val Accuracy: 20.0
DEBUG:root:--------------
DEBUG:root:
DEBUG:root:Epoch 24 / 45
DEBUG:root:--------------
DEBUG:root:train Loss: 0.7362209421348762
DEBUG:root:train Accuracy: 65.24
DEBUG:root:val Loss: 2.1035183941580584
DEBUG:root:val Accuracy: 20.97
DEBUG:root:--------------
DEBUG:root:
DEBUG:root:Epoch 25 / 45
DEBUG:root:--------------
DEBUG:root:train Loss: 0.7190369494843135
DEBUG:root:train Accuracy: 63.48
DEBUG:root:val Loss: 2.179599189266716
DEBUG:root:val Accuracy: 18.87
DEBUG:root:--------------
DEBUG:root:
DEBUG:root:Epoch 26 / 45
DEBUG:root:--------------
DEBUG:root:train Loss: 0.6914749216352643
DEBUG:root:train Accuracy: 70.48
DEBUG:root:val Loss: 2.1237512313828026
DEBUG:root:val Accuracy: 19.84
DEBUG:root:--------------
DEBUG:root:
DEBUG:root:Epoch 27 / 45
DEBUG:root:--------------
DEBUG:root:train Loss: 0.6438969936899613
DEBUG:root:train Accuracy: 66.81
DEBUG:root:val Loss: 2.2182509512016453
DEBUG:root:val Accuracy: 17.1
DEBUG:root:--------------
DEBUG:root:
DEBUG:root:Epoch 28 / 45
DEBUG:root:--------------
DEBUG:root:train Loss: 0.6097738787749533
DEBUG:root:train Accuracy: 72.83
DEBUG:root:val Loss: 2.2995262757404564
DEBUG:root:val Accuracy: 19.52
DEBUG:root:--------------
DEBUG:root:
DEBUG:root:Epoch 29 / 45
DEBUG:root:--------------
DEBUG:root:train Loss: 0.5869058630024769
DEBUG:root:train Accuracy: 75.48
DEBUG:root:val Loss: 2.7317709753808286
DEBUG:root:val Accuracy: 15.48
DEBUG:root:--------------
DEBUG:root:
DEBUG:root:Epoch 30 / 45
DEBUG:root:--------------
DEBUG:root:train Loss: 0.5570689005601612
DEBUG:root:train Accuracy: 73.94
DEBUG:root:val Loss: 2.4992860048702084
DEBUG:root:val Accuracy: 15.48
DEBUG:root:--------------
DEBUG:root:
DEBUG:root:Epoch 31 / 45
DEBUG:root:--------------
DEBUG:root:train Loss: 0.5305575241011927
DEBUG:root:train Accuracy: 75.95
DEBUG:root:val Loss: 2.946869920823992
DEBUG:root:val Accuracy: 23.39
DEBUG:root:--------------
DEBUG:root:
DEBUG:root:Epoch 32 / 45
DEBUG:root:--------------
DEBUG:root:train Loss: 0.4777042279898091
DEBUG:root:train Accuracy: 83.31
DEBUG:root:val Loss: 3.0161438737947917
DEBUG:root:val Accuracy: 17.1
DEBUG:root:--------------
DEBUG:root:
DEBUG:root:Epoch 33 / 45
DEBUG:root:--------------
DEBUG:root:train Loss: 0.46779143796419875
DEBUG:root:train Accuracy: 83.22
DEBUG:root:val Loss: 2.9559343801331273
DEBUG:root:val Accuracy: 16.94
DEBUG:root:--------------
DEBUG:root:
DEBUG:root:Epoch 34 / 45
DEBUG:root:--------------
DEBUG:root:train Loss: 0.4377634220597041
DEBUG:root:train Accuracy: 78.65
DEBUG:root:val Loss: 4.36704685393068
DEBUG:root:val Accuracy: 21.61
DEBUG:root:--------------
DEBUG:root:
DEBUG:root:Epoch 35 / 45
DEBUG:root:--------------
DEBUG:root:train Loss: 0.4070313055053413
DEBUG:root:train Accuracy: 84.57
DEBUG:root:val Loss: 2.8340722254871094
DEBUG:root:val Accuracy: 14.68
DEBUG:root:--------------
DEBUG:root:
DEBUG:root:Epoch 36 / 45
DEBUG:root:--------------
DEBUG:root:train Loss: 0.38425622762713935
DEBUG:root:train Accuracy: 85.97
DEBUG:root:val Loss: 3.3355428846841004
DEBUG:root:val Accuracy: 17.26
DEBUG:root:--------------
DEBUG:root:
DEBUG:root:Epoch 37 / 45
DEBUG:root:--------------
DEBUG:root:train Loss: 0.3633356292399356
DEBUG:root:train Accuracy: 86.7
DEBUG:root:val Loss: 3.766993902393223
DEBUG:root:val Accuracy: 22.9
DEBUG:root:--------------
DEBUG:root:
DEBUG:root:Epoch 38 / 45
DEBUG:root:--------------
DEBUG:root:train Loss: 0.35002151985527824
DEBUG:root:train Accuracy: 86.06
DEBUG:root:val Loss: 3.2003094578526685
DEBUG:root:val Accuracy: 20.48
DEBUG:root:--------------
DEBUG:root:
DEBUG:root:Epoch 39 / 45
DEBUG:root:--------------
DEBUG:root:train Loss: 0.33516191321104805
DEBUG:root:train Accuracy: 88.07
DEBUG:root:val Loss: 3.046291469298687
DEBUG:root:val Accuracy: 23.23
DEBUG:root:--------------
DEBUG:root:
DEBUG:root:Epoch 40 / 45
DEBUG:root:--------------
DEBUG:root:train Loss: 0.3122334379683017
DEBUG:root:train Accuracy: 88.44
DEBUG:root:val Loss: 2.902715576063726
DEBUG:root:val Accuracy: 16.94
DEBUG:root:--------------
DEBUG:root:
DEBUG:root:Epoch 41 / 45
DEBUG:root:--------------
DEBUG:root:train Loss: 0.3020284936514746
DEBUG:root:train Accuracy: 90.78
DEBUG:root:val Loss: 3.772832283039683
DEBUG:root:val Accuracy: 18.55
DEBUG:root:--------------
DEBUG:root:
DEBUG:root:Epoch 42 / 45
DEBUG:root:--------------
DEBUG:root:train Loss: 0.2916760099074676
DEBUG:root:train Accuracy: 85.63
DEBUG:root:val Loss: 3.33954612557421
DEBUG:root:val Accuracy: 27.74
DEBUG:root:--------------
DEBUG:root:
DEBUG:root:Epoch 43 / 45
DEBUG:root:--------------
DEBUG:root:train Loss: 0.2738902634022087
DEBUG:root:train Accuracy: 86.31
DEBUG:root:val Loss: 2.7757856882724568
DEBUG:root:val Accuracy: 17.26
DEBUG:root:--------------
DEBUG:root:
DEBUG:root:Epoch 44 / 45
DEBUG:root:--------------
DEBUG:root:train Loss: 0.26001961552259695
DEBUG:root:train Accuracy: 91.15
DEBUG:root:val Loss: 3.1720531840914306
DEBUG:root:val Accuracy: 18.87
DEBUG:root:--------------
DEBUG:root:
DEBUG:root:    phase  epoch      loss  accuracy fold
0   train      0  1.415551     12.67    0
1     val      0  1.412007      3.39    0
2   train      1  1.401563     13.58    0
3     val      1  1.446582      7.74    0
4   train      2  1.382575     29.82    0
5     val      2  1.454530     30.00    0
6   train      3  1.372070     19.61    0
7     val      3  1.418887     20.00    0
8   train      4  1.349895     14.37    0
9     val      4  1.454131     14.03    0
10  train      5  1.338033     22.01    0
11    val      5  1.291542     29.03    0
12  train      6  1.308026     17.34    0
13    val      6  1.358577     23.55    0
14  train      7  1.280836     16.53    0
15    val      7  1.474760     22.10    0
16  train      8  1.237100     29.85    0
17    val      8  1.130631     35.48    0
18  train      9  1.203537     26.77    0
19    val      9  1.258661     31.77    0
20  train     10  1.157687     37.45    0
21    val     10  1.056411     36.29    0
22  train     11  1.136390     35.48    0
23    val     11  1.180018     28.39    0
24  train     12  1.115434     38.16    0
25    val     12  1.290029     32.58    0
26  train     13  1.078000     42.54    0
27    val     13  1.646080     20.16    0
28  train     14  1.050280     41.22    0
29    val     14  1.311747     25.48    0
30  train     15  1.020931     45.31    0
31    val     15  1.585397     22.26    0
32  train     16  0.986670     47.97    0
33    val     16  1.456592     24.19    0
34  train     17  0.953267     43.02    0
35    val     17  1.363451     24.84    0
36  train     18  0.913191     51.36    0
37    val     18  1.615745     20.16    0
38  train     19  0.875542     59.21    0
39    val     19  1.887658     20.97    0
40  train     20  0.863539     57.44    0
41    val     20  1.804632     19.68    0
42  train     21  0.828015     61.25    0
43    val     21  2.113383     16.13    0
44  train     22  0.796388     62.49    0
45    val     22  1.948473     20.81    0
46  train     23  0.765011     66.51    0
47    val     23  2.300661     20.00    0
48  train     24  0.736221     65.24    0
49    val     24  2.103518     20.97    0
50  train     25  0.719037     63.48    0
51    val     25  2.179599     18.87    0
52  train     26  0.691475     70.48    0
53    val     26  2.123751     19.84    0
54  train     27  0.643897     66.81    0
55    val     27  2.218251     17.10    0
56  train     28  0.609774     72.83    0
57    val     28  2.299526     19.52    0
58  train     29  0.586906     75.48    0
59    val     29  2.731771     15.48    0
60  train     30  0.557069     73.94    0
61    val     30  2.499286     15.48    0
62  train     31  0.530558     75.95    0
63    val     31  2.946870     23.39    0
64  train     32  0.477704     83.31    0
65    val     32  3.016144     17.10    0
66  train     33  0.467791     83.22    0
67    val     33  2.955934     16.94    0
68  train     34  0.437763     78.65    0
69    val     34  4.367047     21.61    0
70  train     35  0.407031     84.57    0
71    val     35  2.834072     14.68    0
72  train     36  0.384256     85.97    0
73    val     36  3.335543     17.26    0
74  train     37  0.363336     86.70    0
75    val     37  3.766994     22.90    0
76  train     38  0.350022     86.06    0
77    val     38  3.200309     20.48    0
78  train     39  0.335162     88.07    0
79    val     39  3.046291     23.23    0
80  train     40  0.312233     88.44    0
81    val     40  2.902716     16.94    0
82  train     41  0.302028     90.78    0
83    val     41  3.772832     18.55    0
84  train     42  0.291676     85.63    0
85    val     42  3.339546     27.74    0
86  train     43  0.273890     86.31    0
87    val     43  2.775786     17.26    0
88  train     44  0.260020     91.15    0
89    val     44  3.172053     18.87    0
DEBUG:root:
DEBUG:root:         metric  precision    recall  f1-score     support fold
0             0   0.125000  0.068966  0.088889   290.00000    0
1             1   0.316872  0.296154  0.306163  1300.00000    0
2             2   0.138211  0.155251  0.146237  1095.00000    0
3             3   0.020202  0.024096  0.021978   415.00000    0
4      accuracy   0.188710  0.188710  0.188710     0.18871    0
5     macro avg   0.150071  0.136117  0.140817  3100.00000    0
6  weighted avg   0.196100  0.188710  0.191303  3100.00000    0
DEBUG:root:
DEBUG:root:  act_grade   0    1    2    3 fold
0         0  20  150  115    5    0
1         1  95  385  590  230    0
2         2   0  675  170  250    0
3         3  45    5  355   10    0
DEBUG:root:
DEBUG:root:
DEBUG:root:Fold # 1
DEBUG:root:
DEBUG:root:No Train/Test Subject Leakage Found
DEBUG:root:
DEBUG:root:Train
DEBUG:root:Class: 0, Count: 950
DEBUG:root:Class: 1, Count: 5154
DEBUG:root:Class: 2, Count: 4365
DEBUG:root:Class: 3, Count: 1617
DEBUG:root:
DEBUG:root:Test
DEBUG:root:Class: 0, Count: 255
DEBUG:root:Class: 1, Count: 1305
DEBUG:root:Class: 2, Count: 1100
DEBUG:root:Class: 3, Count: 400
DEBUG:root:
DEBUG:root:Using Parallel CUDA GPUs
DEBUG:root:
DEBUG:root:Epoch 0 / 45
DEBUG:root:--------------
DEBUG:root:train Loss: 1.4115754318615747
DEBUG:root:train Accuracy: 15.89
DEBUG:root:val Loss: 1.427005957191189
DEBUG:root:val Accuracy: 24.02
DEBUG:root:--------------
DEBUG:root:
DEBUG:root:Epoch 1 / 45
DEBUG:root:--------------
DEBUG:root:train Loss: 1.3937896695086565
DEBUG:root:train Accuracy: 19.16
DEBUG:root:val Loss: 1.4328940492123365
DEBUG:root:val Accuracy: 33.01
DEBUG:root:--------------
DEBUG:root:
DEBUG:root:Epoch 2 / 45
DEBUG:root:--------------
DEBUG:root:train Loss: 1.3798611689181555
DEBUG:root:train Accuracy: 31.09
DEBUG:root:val Loss: 1.5144110657274723
DEBUG:root:val Accuracy: 16.18
DEBUG:root:--------------
DEBUG:root:
DEBUG:root:Epoch 3 / 45
DEBUG:root:--------------
DEBUG:root:train Loss: 1.3470368130654884
DEBUG:root:train Accuracy: 30.94
DEBUG:root:val Loss: 1.8288678868363302
DEBUG:root:val Accuracy: 21.08
DEBUG:root:--------------
DEBUG:root:
DEBUG:root:Epoch 4 / 45
DEBUG:root:--------------
DEBUG:root:train Loss: 1.3057427322738384
DEBUG:root:train Accuracy: 40.96
DEBUG:root:val Loss: 2.077171118929982
DEBUG:root:val Accuracy: 27.94
DEBUG:root:--------------
DEBUG:root:
DEBUG:root:Epoch 5 / 45
DEBUG:root:--------------
DEBUG:root:train Loss: 1.2425234596880654
DEBUG:root:train Accuracy: 27.19
DEBUG:root:val Loss: 1.6000633913402755
DEBUG:root:val Accuracy: 15.36
DEBUG:root:--------------
DEBUG:root:
DEBUG:root:Epoch 6 / 45
DEBUG:root:--------------
DEBUG:root:train Loss: 1.2063463743401583
DEBUG:root:train Accuracy: 28.36
DEBUG:root:val Loss: 1.7619165070354939
DEBUG:root:val Accuracy: 16.01
DEBUG:root:--------------
DEBUG:root:
DEBUG:root:Epoch 7 / 45
DEBUG:root:--------------
DEBUG:root:train Loss: 1.1834470081739326
DEBUG:root:train Accuracy: 37.21
DEBUG:root:val Loss: 2.2407703542461
DEBUG:root:val Accuracy: 14.54
DEBUG:root:--------------
DEBUG:root:
DEBUG:root:Epoch 8 / 45
DEBUG:root:--------------
DEBUG:root:train Loss: 1.1471592706268428
DEBUG:root:train Accuracy: 41.11
DEBUG:root:val Loss: 1.8421438224613667
DEBUG:root:val Accuracy: 17.48
DEBUG:root:--------------
DEBUG:root:
DEBUG:root:Epoch 9 / 45
DEBUG:root:--------------
DEBUG:root:train Loss: 1.1306464421370672
DEBUG:root:train Accuracy: 33.65
DEBUG:root:val Loss: 1.7141629811376333
DEBUG:root:val Accuracy: 12.75
DEBUG:root:--------------
DEBUG:root:
DEBUG:root:Epoch 10 / 45
DEBUG:root:--------------
DEBUG:root:train Loss: 1.109442712768676
DEBUG:root:train Accuracy: 33.04
DEBUG:root:val Loss: 1.5287038180977106
DEBUG:root:val Accuracy: 21.08
DEBUG:root:--------------
DEBUG:root:
DEBUG:root:Epoch 11 / 45
DEBUG:root:--------------
DEBUG:root:train Loss: 1.0900380134424836
DEBUG:root:train Accuracy: 39.21
DEBUG:root:val Loss: 1.694670553940038
DEBUG:root:val Accuracy: 26.14
DEBUG:root:--------------
DEBUG:root:
DEBUG:root:Epoch 12 / 45
DEBUG:root:--------------
DEBUG:root:train Loss: 1.0734396753093554
DEBUG:root:train Accuracy: 44.46
DEBUG:root:val Loss: 1.7720100386068225
DEBUG:root:val Accuracy: 33.33
DEBUG:root:--------------
DEBUG:root:
DEBUG:root:Epoch 13 / 45
DEBUG:root:--------------
DEBUG:root:train Loss: 1.0656478428651417
DEBUG:root:train Accuracy: 42.87
DEBUG:root:val Loss: 1.5506999225666125
DEBUG:root:val Accuracy: 33.66
DEBUG:root:--------------
DEBUG:root:
DEBUG:root:Epoch 14 / 45
DEBUG:root:--------------
DEBUG:root:train Loss: 1.03265262004875
DEBUG:root:train Accuracy: 38.95
DEBUG:root:val Loss: 1.355618590178589
DEBUG:root:val Accuracy: 28.92
DEBUG:root:--------------
DEBUG:root:
DEBUG:root:Epoch 15 / 45
DEBUG:root:--------------
DEBUG:root:train Loss: 1.015035480260849
DEBUG:root:train Accuracy: 40.93
DEBUG:root:val Loss: 1.8512658185015123
DEBUG:root:val Accuracy: 28.59
DEBUG:root:--------------
DEBUG:root:
DEBUG:root:Epoch 16 / 45
DEBUG:root:--------------
DEBUG:root:train Loss: 1.0017767412558434
DEBUG:root:train Accuracy: 42.37
DEBUG:root:val Loss: 1.6941139412422974
DEBUG:root:val Accuracy: 33.5
DEBUG:root:--------------
DEBUG:root:
DEBUG:root:Epoch 17 / 45
DEBUG:root:--------------
DEBUG:root:train Loss: 0.9758811306070398
DEBUG:root:train Accuracy: 47.46
DEBUG:root:val Loss: 2.2147153190647564
DEBUG:root:val Accuracy: 34.31
DEBUG:root:--------------
DEBUG:root:
DEBUG:root:Epoch 18 / 45
DEBUG:root:--------------
DEBUG:root:train Loss: 0.9614369146644123
DEBUG:root:train Accuracy: 43.65
DEBUG:root:val Loss: 2.291799304075539
DEBUG:root:val Accuracy: 36.44
DEBUG:root:--------------
DEBUG:root:
DEBUG:root:Epoch 19 / 45
DEBUG:root:--------------
DEBUG:root:train Loss: 0.9281398490780876
DEBUG:root:train Accuracy: 54.0
DEBUG:root:val Loss: 2.2003390761092305
DEBUG:root:val Accuracy: 43.46
DEBUG:root:--------------
DEBUG:root:
DEBUG:root:Epoch 20 / 45
DEBUG:root:--------------
DEBUG:root:train Loss: 0.9064871804424064
DEBUG:root:train Accuracy: 60.43
DEBUG:root:val Loss: 2.0914516852547727
DEBUG:root:val Accuracy: 36.44
DEBUG:root:--------------
DEBUG:root:
DEBUG:root:Epoch 21 / 45
DEBUG:root:--------------
DEBUG:root:train Loss: 0.8655764417988914
DEBUG:root:train Accuracy: 54.85
DEBUG:root:val Loss: 2.2739631154884896
DEBUG:root:val Accuracy: 32.68
DEBUG:root:--------------
DEBUG:root:
DEBUG:root:Epoch 22 / 45
DEBUG:root:--------------
DEBUG:root:train Loss: 0.8550842797393521
DEBUG:root:train Accuracy: 57.95
DEBUG:root:val Loss: 2.064568506243328
DEBUG:root:val Accuracy: 37.42
DEBUG:root:--------------
DEBUG:root:
DEBUG:root:Epoch 23 / 45
DEBUG:root:--------------
DEBUG:root:train Loss: 0.8111665915875208
DEBUG:root:train Accuracy: 55.39
DEBUG:root:val Loss: 1.887018441222608
DEBUG:root:val Accuracy: 36.6
DEBUG:root:--------------
DEBUG:root:
DEBUG:root:Epoch 24 / 45
DEBUG:root:--------------
DEBUG:root:train Loss: 0.785565566921991
DEBUG:root:train Accuracy: 66.0
DEBUG:root:val Loss: 2.6094646469379463
DEBUG:root:val Accuracy: 44.61
DEBUG:root:--------------
DEBUG:root:
DEBUG:root:Epoch 25 / 45
DEBUG:root:--------------
DEBUG:root:train Loss: 0.7543418346140435
DEBUG:root:train Accuracy: 67.98
DEBUG:root:val Loss: 2.065794554539025
DEBUG:root:val Accuracy: 38.4
DEBUG:root:--------------
DEBUG:root:
DEBUG:root:Epoch 26 / 45
DEBUG:root:--------------
DEBUG:root:train Loss: 0.7258590570005475
DEBUG:root:train Accuracy: 65.08
DEBUG:root:val Loss: 2.1697764843702316
DEBUG:root:val Accuracy: 35.62
DEBUG:root:--------------
DEBUG:root:
DEBUG:root:Epoch 27 / 45
DEBUG:root:--------------
DEBUG:root:train Loss: 0.6908577266666625
DEBUG:root:train Accuracy: 58.0
DEBUG:root:val Loss: 2.5852874626095095
DEBUG:root:val Accuracy: 38.56
DEBUG:root:--------------
DEBUG:root:
DEBUG:root:Epoch 28 / 45
DEBUG:root:--------------
DEBUG:root:train Loss: 0.6752199803986562
DEBUG:root:train Accuracy: 72.48
DEBUG:root:val Loss: 2.7333986774707832
DEBUG:root:val Accuracy: 41.01
DEBUG:root:--------------
DEBUG:root:
DEBUG:root:Epoch 29 / 45
DEBUG:root:--------------
DEBUG:root:train Loss: 0.6421113148647011
DEBUG:root:train Accuracy: 67.04
DEBUG:root:val Loss: 2.3764554442216954
DEBUG:root:val Accuracy: 34.31
DEBUG:root:--------------
DEBUG:root:
DEBUG:root:Epoch 30 / 45
DEBUG:root:--------------
DEBUG:root:train Loss: 0.6029815791204335
DEBUG:root:train Accuracy: 73.85
DEBUG:root:val Loss: 2.7370923114940524
DEBUG:root:val Accuracy: 39.71
DEBUG:root:--------------
DEBUG:root:
DEBUG:root:Epoch 31 / 45
DEBUG:root:--------------
DEBUG:root:train Loss: 0.5787271067263589
DEBUG:root:train Accuracy: 69.0
DEBUG:root:val Loss: 3.204162328193585
DEBUG:root:val Accuracy: 35.13
DEBUG:root:--------------
DEBUG:root:
DEBUG:root:Epoch 32 / 45
DEBUG:root:--------------
DEBUG:root:train Loss: 0.5328024085118341
DEBUG:root:train Accuracy: 79.63
DEBUG:root:val Loss: 2.905857410902778
DEBUG:root:val Accuracy: 34.48
DEBUG:root:--------------
DEBUG:root:
DEBUG:root:Epoch 33 / 45
DEBUG:root:--------------
DEBUG:root:train Loss: 0.49273682811430525
DEBUG:root:train Accuracy: 79.32
DEBUG:root:val Loss: 2.677125417316953
DEBUG:root:val Accuracy: 33.33
DEBUG:root:--------------
DEBUG:root:
DEBUG:root:Epoch 34 / 45
DEBUG:root:--------------
DEBUG:root:train Loss: 0.47705302738323413
DEBUG:root:train Accuracy: 76.62
DEBUG:root:val Loss: 2.7054997918506465
DEBUG:root:val Accuracy: 36.11
DEBUG:root:--------------
DEBUG:root:
DEBUG:root:Epoch 35 / 45
DEBUG:root:--------------
DEBUG:root:train Loss: 0.46659450890328835
DEBUG:root:train Accuracy: 80.74
DEBUG:root:val Loss: 3.058275580095748
DEBUG:root:val Accuracy: 32.68
DEBUG:root:--------------
DEBUG:root:
DEBUG:root:Epoch 36 / 45
DEBUG:root:--------------
DEBUG:root:train Loss: 0.43289635239770174
DEBUG:root:train Accuracy: 75.77
DEBUG:root:val Loss: 2.224995148678621
DEBUG:root:val Accuracy: 32.84
DEBUG:root:--------------
DEBUG:root:
DEBUG:root:Epoch 37 / 45
DEBUG:root:--------------
DEBUG:root:train Loss: 0.4127822175188355
DEBUG:root:train Accuracy: 82.62
DEBUG:root:val Loss: 2.9230270258461437
DEBUG:root:val Accuracy: 40.69
DEBUG:root:--------------
DEBUG:root:
DEBUG:root:Epoch 38 / 45
DEBUG:root:--------------
DEBUG:root:train Loss: 0.39207230421108386
DEBUG:root:train Accuracy: 71.11
DEBUG:root:val Loss: 3.6361038759350777
DEBUG:root:val Accuracy: 28.1
DEBUG:root:--------------
DEBUG:root:
DEBUG:root:Epoch 39 / 45
DEBUG:root:--------------
DEBUG:root:train Loss: 0.37920478271645686
DEBUG:root:train Accuracy: 86.09
DEBUG:root:val Loss: 3.2181157895053425
DEBUG:root:val Accuracy: 31.05
DEBUG:root:--------------
DEBUG:root:
DEBUG:root:Epoch 40 / 45
DEBUG:root:--------------
DEBUG:root:train Loss: 0.3624283892383415
DEBUG:root:train Accuracy: 82.97
DEBUG:root:val Loss: 3.0427974549432597
DEBUG:root:val Accuracy: 31.7
DEBUG:root:--------------
DEBUG:root:
DEBUG:root:Epoch 41 / 45
DEBUG:root:--------------
DEBUG:root:train Loss: 0.36603443376798794
DEBUG:root:train Accuracy: 83.85
DEBUG:root:val Loss: 3.364076117364069
DEBUG:root:val Accuracy: 35.95
DEBUG:root:--------------
DEBUG:root:
DEBUG:root:Epoch 42 / 45
DEBUG:root:--------------
DEBUG:root:train Loss: 0.33307488117288186
DEBUG:root:train Accuracy: 82.68
DEBUG:root:val Loss: 2.291998663917184
DEBUG:root:val Accuracy: 34.8
DEBUG:root:--------------
DEBUG:root:
DEBUG:root:Epoch 43 / 45
DEBUG:root:--------------
DEBUG:root:train Loss: 0.3349089028717822
DEBUG:root:train Accuracy: 85.34
DEBUG:root:val Loss: 3.5078142260511718
DEBUG:root:val Accuracy: 33.17
DEBUG:root:--------------
DEBUG:root:
DEBUG:root:Epoch 44 / 45
DEBUG:root:--------------
DEBUG:root:train Loss: 0.3004532800568514
DEBUG:root:train Accuracy: 86.6
DEBUG:root:val Loss: 3.5384862354646125
DEBUG:root:val Accuracy: 22.06
DEBUG:root:--------------
DEBUG:root:
DEBUG:root:    phase  epoch      loss  accuracy fold
0   train      0  1.411575     15.89    1
1     val      0  1.427006     24.02    1
2   train      1  1.393790     19.16    1
3     val      1  1.432894     33.01    1
4   train      2  1.379861     31.09    1
5     val      2  1.514411     16.18    1
6   train      3  1.347037     30.94    1
7     val      3  1.828868     21.08    1
8   train      4  1.305743     40.96    1
9     val      4  2.077171     27.94    1
10  train      5  1.242523     27.19    1
11    val      5  1.600063     15.36    1
12  train      6  1.206346     28.36    1
13    val      6  1.761917     16.01    1
14  train      7  1.183447     37.21    1
15    val      7  2.240770     14.54    1
16  train      8  1.147159     41.11    1
17    val      8  1.842144     17.48    1
18  train      9  1.130646     33.65    1
19    val      9  1.714163     12.75    1
20  train     10  1.109443     33.04    1
21    val     10  1.528704     21.08    1
22  train     11  1.090038     39.21    1
23    val     11  1.694671     26.14    1
24  train     12  1.073440     44.46    1
25    val     12  1.772010     33.33    1
26  train     13  1.065648     42.87    1
27    val     13  1.550700     33.66    1
28  train     14  1.032653     38.95    1
29    val     14  1.355619     28.92    1
30  train     15  1.015035     40.93    1
31    val     15  1.851266     28.59    1
32  train     16  1.001777     42.37    1
33    val     16  1.694114     33.50    1
34  train     17  0.975881     47.46    1
35    val     17  2.214715     34.31    1
36  train     18  0.961437     43.65    1
37    val     18  2.291799     36.44    1
38  train     19  0.928140     54.00    1
39    val     19  2.200339     43.46    1
40  train     20  0.906487     60.43    1
41    val     20  2.091452     36.44    1
42  train     21  0.865576     54.85    1
43    val     21  2.273963     32.68    1
44  train     22  0.855084     57.95    1
45    val     22  2.064569     37.42    1
46  train     23  0.811167     55.39    1
47    val     23  1.887018     36.60    1
48  train     24  0.785566     66.00    1
49    val     24  2.609465     44.61    1
50  train     25  0.754342     67.98    1
51    val     25  2.065795     38.40    1
52  train     26  0.725859     65.08    1
53    val     26  2.169776     35.62    1
54  train     27  0.690858     58.00    1
55    val     27  2.585287     38.56    1
56  train     28  0.675220     72.48    1
57    val     28  2.733399     41.01    1
58  train     29  0.642111     67.04    1
59    val     29  2.376455     34.31    1
60  train     30  0.602982     73.85    1
61    val     30  2.737092     39.71    1
62  train     31  0.578727     69.00    1
63    val     31  3.204162     35.13    1
64  train     32  0.532802     79.63    1
65    val     32  2.905857     34.48    1
66  train     33  0.492737     79.32    1
67    val     33  2.677125     33.33    1
68  train     34  0.477053     76.62    1
69    val     34  2.705500     36.11    1
70  train     35  0.466595     80.74    1
71    val     35  3.058276     32.68    1
72  train     36  0.432896     75.77    1
73    val     36  2.224995     32.84    1
74  train     37  0.412782     82.62    1
75    val     37  2.923027     40.69    1
76  train     38  0.392072     71.11    1
77    val     38  3.636104     28.10    1
78  train     39  0.379205     86.09    1
79    val     39  3.218116     31.05    1
80  train     40  0.362428     82.97    1
81    val     40  3.042797     31.70    1
82  train     41  0.366034     83.85    1
83    val     41  3.364076     35.95    1
84  train     42  0.333075     82.68    1
85    val     42  2.291999     34.80    1
86  train     43  0.334909     85.34    1
87    val     43  3.507814     33.17    1
88  train     44  0.300453     86.60    1
89    val     44  3.538486     22.06    1
DEBUG:root:
DEBUG:root:         metric  precision    recall  f1-score      support fold
0             0   0.000000  0.000000  0.000000   255.000000    1
1             1   0.370166  0.256705  0.303167  1305.000000    1
2             2   0.166172  0.254545  0.201077  1100.000000    1
3             3   0.136364  0.150000  0.142857   400.000000    1
4      accuracy   0.220588  0.220588  0.220588     0.220588    1
5     macro avg   0.168175  0.165313  0.161775  3060.000000    1
6  weighted avg   0.235425  0.220588  0.220249  3060.000000    1
DEBUG:root:
DEBUG:root:  act_grade   0    1    2    3 fold
0         0   0   25  215   15    1
1         1  25  335  880   65    1
2         2   5  515  280  300    1
3         3   0   30  310   60    1
DEBUG:root:
DEBUG:root:
DEBUG:root:Fold # 2
DEBUG:root:
DEBUG:root:No Train/Test Subject Leakage Found
DEBUG:root:
DEBUG:root:Train
DEBUG:root:Class: 0, Count: 985
DEBUG:root:Class: 1, Count: 5135
DEBUG:root:Class: 2, Count: 4370
DEBUG:root:Class: 3, Count: 1627
DEBUG:root:
DEBUG:root:Test
DEBUG:root:Class: 0, Count: 220
DEBUG:root:Class: 1, Count: 1324
DEBUG:root:Class: 2, Count: 1095
DEBUG:root:Class: 3, Count: 390
DEBUG:root:
DEBUG:root:Using Parallel CUDA GPUs
DEBUG:root:
DEBUG:root:Epoch 0 / 45
DEBUG:root:--------------
DEBUG:root:train Loss: 1.409878645691834
DEBUG:root:train Accuracy: 20.41
DEBUG:root:val Loss: 1.448716812384756
DEBUG:root:val Accuracy: 17.66
DEBUG:root:--------------
DEBUG:root:
DEBUG:root:Epoch 1 / 45
DEBUG:root:--------------
DEBUG:root:train Loss: 1.3877737971912274
DEBUG:root:train Accuracy: 13.8
DEBUG:root:val Loss: 1.4780012965202332
DEBUG:root:val Accuracy: 14.2
DEBUG:root:--------------
DEBUG:root:
DEBUG:root:Epoch 2 / 45
DEBUG:root:--------------
DEBUG:root:train Loss: 1.360522140063208
DEBUG:root:train Accuracy: 25.5
DEBUG:root:val Loss: 1.4686080505973413
DEBUG:root:val Accuracy: 19.64
DEBUG:root:--------------
DEBUG:root:
DEBUG:root:Epoch 3 / 45
DEBUG:root:--------------
DEBUG:root:train Loss: 1.3317575939097945
DEBUG:root:train Accuracy: 22.12
DEBUG:root:val Loss: 1.47167691306064
DEBUG:root:val Accuracy: 19.97
DEBUG:root:--------------
DEBUG:root:
DEBUG:root:Epoch 4 / 45
DEBUG:root:--------------
DEBUG:root:train Loss: 1.2899552603352982
DEBUG:root:train Accuracy: 21.99
DEBUG:root:val Loss: 1.5991597533226014
DEBUG:root:val Accuracy: 26.25
DEBUG:root:--------------
DEBUG:root:
DEBUG:root:Epoch 5 / 45
DEBUG:root:--------------
DEBUG:root:train Loss: 1.2394645263620292
DEBUG:root:train Accuracy: 32.36
DEBUG:root:val Loss: 1.455205646314119
DEBUG:root:val Accuracy: 34.8
DEBUG:root:--------------
DEBUG:root:
DEBUG:root:Epoch 6 / 45
DEBUG:root:--------------
DEBUG:root:train Loss: 1.1937994681750879
DEBUG:root:train Accuracy: 34.93
DEBUG:root:val Loss: 1.5439988550386932
DEBUG:root:val Accuracy: 33.48
DEBUG:root:--------------
DEBUG:root:
DEBUG:root:Epoch 7 / 45
DEBUG:root:--------------
DEBUG:root:train Loss: 1.154578328604434
DEBUG:root:train Accuracy: 28.25
DEBUG:root:val Loss: 1.7893714735382482
DEBUG:root:val Accuracy: 28.56
DEBUG:root:--------------
DEBUG:root:
DEBUG:root:Epoch 8 / 45
DEBUG:root:--------------
DEBUG:root:train Loss: 1.127923514566195
DEBUG:root:train Accuracy: 26.16
DEBUG:root:val Loss: 1.937414227347625
DEBUG:root:val Accuracy: 27.4
DEBUG:root:--------------
DEBUG:root:
DEBUG:root:Epoch 9 / 45
DEBUG:root:--------------
DEBUG:root:train Loss: 1.1102563161648673
DEBUG:root:train Accuracy: 35.17
DEBUG:root:val Loss: 1.8048174832996569
DEBUG:root:val Accuracy: 33.18
DEBUG:root:--------------
DEBUG:root:
DEBUG:root:Epoch 10 / 45
DEBUG:root:--------------
DEBUG:root:train Loss: 1.0914313204999335
DEBUG:root:train Accuracy: 45.53
DEBUG:root:val Loss: 1.7980158492138512
DEBUG:root:val Accuracy: 39.45
DEBUG:root:--------------
DEBUG:root:
DEBUG:root:Epoch 11 / 45
DEBUG:root:--------------
DEBUG:root:train Loss: 1.066902666576305
DEBUG:root:train Accuracy: 44.05
DEBUG:root:val Loss: 1.6580421915179804
DEBUG:root:val Accuracy: 35.0
DEBUG:root:--------------
DEBUG:root:
DEBUG:root:Epoch 12 / 45
DEBUG:root:--------------
DEBUG:root:train Loss: 1.041986448547771
DEBUG:root:train Accuracy: 38.29
DEBUG:root:val Loss: 2.0467736714764646
DEBUG:root:val Accuracy: 36.94
DEBUG:root:--------------
DEBUG:root:
DEBUG:root:Epoch 13 / 45
DEBUG:root:--------------
DEBUG:root:train Loss: 1.033578228864003
DEBUG:root:train Accuracy: 26.99
DEBUG:root:val Loss: 1.9104768401698062
DEBUG:root:val Accuracy: 27.07
DEBUG:root:--------------
DEBUG:root:
DEBUG:root:Epoch 14 / 45
DEBUG:root:--------------
DEBUG:root:train Loss: 1.0123367877701657
DEBUG:root:train Accuracy: 28.26
DEBUG:root:val Loss: 1.7005983111105467
DEBUG:root:val Accuracy: 28.06
DEBUG:root:--------------
DEBUG:root:
DEBUG:root:Epoch 15 / 45
DEBUG:root:--------------
DEBUG:root:train Loss: 0.994299823187272
DEBUG:root:train Accuracy: 40.51
DEBUG:root:val Loss: 1.8728372021725304
DEBUG:root:val Accuracy: 39.12
DEBUG:root:--------------
DEBUG:root:
DEBUG:root:Epoch 16 / 45
DEBUG:root:--------------
DEBUG:root:train Loss: 0.9615075095583707
DEBUG:root:train Accuracy: 38.99
DEBUG:root:val Loss: 1.9466890062156477
DEBUG:root:val Accuracy: 40.77
DEBUG:root:--------------
DEBUG:root:
DEBUG:root:Epoch 17 / 45
DEBUG:root:--------------
DEBUG:root:train Loss: 0.9615506424438356
DEBUG:root:train Accuracy: 42.88
DEBUG:root:val Loss: 2.0427932965128046
DEBUG:root:val Accuracy: 39.12
DEBUG:root:--------------
DEBUG:root:
DEBUG:root:Epoch 18 / 45
DEBUG:root:--------------
DEBUG:root:train Loss: 0.9228048686301803
DEBUG:root:train Accuracy: 53.06
DEBUG:root:val Loss: 1.7044755869790127
DEBUG:root:val Accuracy: 46.68
DEBUG:root:--------------
DEBUG:root:
DEBUG:root:Epoch 19 / 45
DEBUG:root:--------------
DEBUG:root:train Loss: 0.8881178129474218
DEBUG:root:train Accuracy: 42.63
DEBUG:root:val Loss: 1.6431824819037788
DEBUG:root:val Accuracy: 35.0
DEBUG:root:--------------
DEBUG:root:
DEBUG:root:Epoch 20 / 45
DEBUG:root:--------------
DEBUG:root:train Loss: 0.8685682173769204
DEBUG:root:train Accuracy: 50.26
DEBUG:root:val Loss: 2.229231326517306
DEBUG:root:val Accuracy: 41.93
DEBUG:root:--------------
DEBUG:root:
DEBUG:root:Epoch 21 / 45
DEBUG:root:--------------
DEBUG:root:train Loss: 0.8570896931641334
DEBUG:root:train Accuracy: 50.35
DEBUG:root:val Loss: 1.731349938166769
DEBUG:root:val Accuracy: 39.12
DEBUG:root:--------------
DEBUG:root:
DEBUG:root:Epoch 22 / 45
DEBUG:root:--------------
DEBUG:root:train Loss: 0.8437150518230524
DEBUG:root:train Accuracy: 48.89
DEBUG:root:val Loss: 1.7168373418481726
DEBUG:root:val Accuracy: 40.44
DEBUG:root:--------------
DEBUG:root:
DEBUG:root:Epoch 23 / 45
DEBUG:root:--------------
DEBUG:root:train Loss: 0.8151087140895446
DEBUG:root:train Accuracy: 54.58
DEBUG:root:val Loss: 1.886156067722722
DEBUG:root:val Accuracy: 43.08
DEBUG:root:--------------
DEBUG:root:
DEBUG:root:Epoch 24 / 45
DEBUG:root:--------------
DEBUG:root:train Loss: 0.7909056848617846
DEBUG:root:train Accuracy: 57.03
DEBUG:root:val Loss: 1.9735842369104686
DEBUG:root:val Accuracy: 40.44
DEBUG:root:--------------
DEBUG:root:
DEBUG:root:Epoch 25 / 45
DEBUG:root:--------------
DEBUG:root:train Loss: 0.7727243430460349
DEBUG:root:train Accuracy: 56.83
DEBUG:root:val Loss: 2.217445374476282
DEBUG:root:val Accuracy: 40.61
DEBUG:root:--------------
DEBUG:root:
DEBUG:root:Epoch 26 / 45
DEBUG:root:--------------
DEBUG:root:train Loss: 0.7415778014543503
DEBUG:root:train Accuracy: 61.61
DEBUG:root:val Loss: 1.947966720555958
DEBUG:root:val Accuracy: 43.74
DEBUG:root:--------------
DEBUG:root:
DEBUG:root:Epoch 27 / 45
DEBUG:root:--------------
DEBUG:root:train Loss: 0.7056809262935279
DEBUG:root:train Accuracy: 62.42
DEBUG:root:val Loss: 2.2467597180291228
DEBUG:root:val Accuracy: 43.08
DEBUG:root:--------------
DEBUG:root:
DEBUG:root:Epoch 28 / 45
DEBUG:root:--------------
DEBUG:root:train Loss: 0.6843890989479414
DEBUG:root:train Accuracy: 66.41
DEBUG:root:val Loss: 2.534730149883973
DEBUG:root:val Accuracy: 36.65
DEBUG:root:--------------
DEBUG:root:
DEBUG:root:Epoch 29 / 45
DEBUG:root:--------------
DEBUG:root:train Loss: 0.6430527893408622
DEBUG:root:train Accuracy: 67.76
DEBUG:root:val Loss: 2.1439268946647645
DEBUG:root:val Accuracy: 31.53
DEBUG:root:--------------
DEBUG:root:
DEBUG:root:Epoch 30 / 45
DEBUG:root:--------------
DEBUG:root:train Loss: 0.6132240741658651
DEBUG:root:train Accuracy: 63.89
DEBUG:root:val Loss: 2.5642661947953074
DEBUG:root:val Accuracy: 32.35
DEBUG:root:--------------
DEBUG:root:
DEBUG:root:Epoch 31 / 45
DEBUG:root:--------------
DEBUG:root:train Loss: 0.5895564095326024
DEBUG:root:train Accuracy: 67.07
DEBUG:root:val Loss: 3.3426073268840186
DEBUG:root:val Accuracy: 30.54
DEBUG:root:--------------
DEBUG:root:
DEBUG:root:Epoch 32 / 45
DEBUG:root:--------------
DEBUG:root:train Loss: 0.5592953177232856
DEBUG:root:train Accuracy: 75.05
DEBUG:root:val Loss: 3.2459438022814298
DEBUG:root:val Accuracy: 31.36
DEBUG:root:--------------
DEBUG:root:
DEBUG:root:Epoch 33 / 45
DEBUG:root:--------------
DEBUG:root:train Loss: 0.5297358409356631
DEBUG:root:train Accuracy: 74.1
DEBUG:root:val Loss: 2.740079244814421
DEBUG:root:val Accuracy: 38.96
DEBUG:root:--------------
DEBUG:root:
DEBUG:root:Epoch 34 / 45
DEBUG:root:--------------
DEBUG:root:train Loss: 0.4994897079656495
DEBUG:root:train Accuracy: 73.39
DEBUG:root:val Loss: 2.526621171988939
DEBUG:root:val Accuracy: 34.83
DEBUG:root:--------------
DEBUG:root:
DEBUG:root:Epoch 35 / 45
DEBUG:root:--------------
DEBUG:root:train Loss: 0.4731047751583493
DEBUG:root:train Accuracy: 80.22
DEBUG:root:val Loss: 2.84716859459877
DEBUG:root:val Accuracy: 40.11
DEBUG:root:--------------
DEBUG:root:
DEBUG:root:Epoch 36 / 45
DEBUG:root:--------------
DEBUG:root:train Loss: 0.4322203563865382
DEBUG:root:train Accuracy: 82.53
DEBUG:root:val Loss: 2.9118056441608227
DEBUG:root:val Accuracy: 40.77
DEBUG:root:--------------
DEBUG:root:
DEBUG:root:Epoch 37 / 45
DEBUG:root:--------------
DEBUG:root:train Loss: 0.42819143475910604
DEBUG:root:train Accuracy: 73.74
DEBUG:root:val Loss: 2.4323413121072868
DEBUG:root:val Accuracy: 32.35
DEBUG:root:--------------
DEBUG:root:
DEBUG:root:Epoch 38 / 45
DEBUG:root:--------------
DEBUG:root:train Loss: 0.3924935863532696
DEBUG:root:train Accuracy: 83.73
DEBUG:root:val Loss: 2.90562012007362
DEBUG:root:val Accuracy: 31.86
DEBUG:root:--------------
DEBUG:root:
DEBUG:root:Epoch 39 / 45
DEBUG:root:--------------
DEBUG:root:train Loss: 0.38773438310874797
DEBUG:root:train Accuracy: 86.5
DEBUG:root:val Loss: 3.5800329186414417
DEBUG:root:val Accuracy: 40.11
DEBUG:root:--------------
DEBUG:root:
DEBUG:root:Epoch 40 / 45
DEBUG:root:--------------
DEBUG:root:train Loss: 0.3611962554440649
DEBUG:root:train Accuracy: 80.51
DEBUG:root:val Loss: 3.50419595617997
DEBUG:root:val Accuracy: 37.8
DEBUG:root:--------------
DEBUG:root:
DEBUG:root:Epoch 41 / 45
DEBUG:root:--------------
DEBUG:root:train Loss: 0.34186358838329844
DEBUG:root:train Accuracy: 87.41
DEBUG:root:val Loss: 2.914099313710865
DEBUG:root:val Accuracy: 32.35
DEBUG:root:--------------
DEBUG:root:
DEBUG:root:Epoch 42 / 45
DEBUG:root:--------------
DEBUG:root:train Loss: 0.3277068987026771
DEBUG:root:train Accuracy: 78.25
DEBUG:root:val Loss: 3.2287993613042327
DEBUG:root:val Accuracy: 36.32
DEBUG:root:--------------
DEBUG:root:
DEBUG:root:Epoch 43 / 45
DEBUG:root:--------------
DEBUG:root:train Loss: 0.3150781252001238
DEBUG:root:train Accuracy: 86.37
DEBUG:root:val Loss: 2.779091801768855
DEBUG:root:val Accuracy: 30.7
DEBUG:root:--------------
DEBUG:root:
DEBUG:root:Epoch 44 / 45
DEBUG:root:--------------
DEBUG:root:train Loss: 0.29009812251028255
DEBUG:root:train Accuracy: 86.83
DEBUG:root:val Loss: 2.9067634808389764
DEBUG:root:val Accuracy: 46.05
DEBUG:root:--------------
DEBUG:root:
DEBUG:root:    phase  epoch      loss  accuracy fold
0   train      0  1.409879     20.41    2
1     val      0  1.448717     17.66    2
2   train      1  1.387774     13.80    2
3     val      1  1.478001     14.20    2
4   train      2  1.360522     25.50    2
5     val      2  1.468608     19.64    2
6   train      3  1.331758     22.12    2
7     val      3  1.471677     19.97    2
8   train      4  1.289955     21.99    2
9     val      4  1.599160     26.25    2
10  train      5  1.239465     32.36    2
11    val      5  1.455206     34.80    2
12  train      6  1.193799     34.93    2
13    val      6  1.543999     33.48    2
14  train      7  1.154578     28.25    2
15    val      7  1.789371     28.56    2
16  train      8  1.127924     26.16    2
17    val      8  1.937414     27.40    2
18  train      9  1.110256     35.17    2
19    val      9  1.804817     33.18    2
20  train     10  1.091431     45.53    2
21    val     10  1.798016     39.45    2
22  train     11  1.066903     44.05    2
23    val     11  1.658042     35.00    2
24  train     12  1.041986     38.29    2
25    val     12  2.046774     36.94    2
26  train     13  1.033578     26.99    2
27    val     13  1.910477     27.07    2
28  train     14  1.012337     28.26    2
29    val     14  1.700598     28.06    2
30  train     15  0.994300     40.51    2
31    val     15  1.872837     39.12    2
32  train     16  0.961508     38.99    2
33    val     16  1.946689     40.77    2
34  train     17  0.961551     42.88    2
35    val     17  2.042793     39.12    2
36  train     18  0.922805     53.06    2
37    val     18  1.704476     46.68    2
38  train     19  0.888118     42.63    2
39    val     19  1.643182     35.00    2
40  train     20  0.868568     50.26    2
41    val     20  2.229231     41.93    2
42  train     21  0.857090     50.35    2
43    val     21  1.731350     39.12    2
44  train     22  0.843715     48.89    2
45    val     22  1.716837     40.44    2
46  train     23  0.815109     54.58    2
47    val     23  1.886156     43.08    2
48  train     24  0.790906     57.03    2
49    val     24  1.973584     40.44    2
50  train     25  0.772724     56.83    2
51    val     25  2.217445     40.61    2
52  train     26  0.741578     61.61    2
53    val     26  1.947967     43.74    2
54  train     27  0.705681     62.42    2
55    val     27  2.246760     43.08    2
56  train     28  0.684389     66.41    2
57    val     28  2.534730     36.65    2
58  train     29  0.643053     67.76    2
59    val     29  2.143927     31.53    2
60  train     30  0.613224     63.89    2
61    val     30  2.564266     32.35    2
62  train     31  0.589556     67.07    2
63    val     31  3.342607     30.54    2
64  train     32  0.559295     75.05    2
65    val     32  3.245944     31.36    2
66  train     33  0.529736     74.10    2
67    val     33  2.740079     38.96    2
68  train     34  0.499490     73.39    2
69    val     34  2.526621     34.83    2
70  train     35  0.473105     80.22    2
71    val     35  2.847169     40.11    2
72  train     36  0.432220     82.53    2
73    val     36  2.911806     40.77    2
74  train     37  0.428191     73.74    2
75    val     37  2.432341     32.35    2
76  train     38  0.392494     83.73    2
77    val     38  2.905620     31.86    2
78  train     39  0.387734     86.50    2
79    val     39  3.580033     40.11    2
80  train     40  0.361196     80.51    2
81    val     40  3.504196     37.80    2
82  train     41  0.341864     87.41    2
83    val     41  2.914099     32.35    2
84  train     42  0.327707     78.25    2
85    val     42  3.228799     36.32    2
86  train     43  0.315078     86.37    2
87    val     43  2.779092     30.70    2
88  train     44  0.290098     86.83    2
89    val     44  2.906763     46.05    2
DEBUG:root:
DEBUG:root:         metric  precision    recall  f1-score      support fold
0             0   0.380952  0.181818  0.246154   220.000000    2
1             1   0.708609  0.404079  0.514671  1324.000000    2
2             2   0.433862  0.748858  0.549414  1095.000000    2
3             3   0.000000  0.000000  0.000000   390.000000    2
4      accuracy   0.460548  0.460548  0.460548     0.460548    2
5     macro avg   0.380856  0.333689  0.327560  3029.000000    2
6  weighted avg   0.494251  0.460548  0.441461  3029.000000    2
DEBUG:root:
DEBUG:root:  act_grade   0    1    2    3 fold
0         0  40  125   55    0    2
1         1  50  535  635  104    2
2         2  15   85  820  175    2
3         3   0   10  380    0    2
DEBUG:root:
DEBUG:root:
DEBUG:root:Fold # 3
DEBUG:root:
DEBUG:root:No Train/Test Subject Leakage Found
DEBUG:root:
DEBUG:root:Train
DEBUG:root:Class: 0, Count: 1020
DEBUG:root:Class: 1, Count: 5194
DEBUG:root:Class: 2, Count: 4375
DEBUG:root:Class: 3, Count: 1652
DEBUG:root:
DEBUG:root:Test
DEBUG:root:Class: 0, Count: 185
DEBUG:root:Class: 1, Count: 1265
DEBUG:root:Class: 2, Count: 1090
DEBUG:root:Class: 3, Count: 365
DEBUG:root:
DEBUG:root:Using Parallel CUDA GPUs
DEBUG:root:
DEBUG:root:Epoch 0 / 45
DEBUG:root:--------------
DEBUG:root:train Loss: 1.4131597236927123
DEBUG:root:train Accuracy: 17.11
DEBUG:root:val Loss: 1.4141551085880824
DEBUG:root:val Accuracy: 13.77
DEBUG:root:--------------
DEBUG:root:
DEBUG:root:Epoch 1 / 45
DEBUG:root:--------------
DEBUG:root:train Loss: 1.3922212396215832
DEBUG:root:train Accuracy: 16.61
DEBUG:root:val Loss: 1.4599511276234638
DEBUG:root:val Accuracy: 12.56
DEBUG:root:--------------
DEBUG:root:
DEBUG:root:Epoch 2 / 45
DEBUG:root:--------------
DEBUG:root:train Loss: 1.3764548485335109
DEBUG:root:train Accuracy: 39.74
DEBUG:root:val Loss: 1.4723543040045015
DEBUG:root:val Accuracy: 31.15
DEBUG:root:--------------
DEBUG:root:
DEBUG:root:Epoch 3 / 45
DEBUG:root:--------------
DEBUG:root:train Loss: 1.3409610860652774
DEBUG:root:train Accuracy: 30.29
DEBUG:root:val Loss: 1.4827991422716078
DEBUG:root:val Accuracy: 35.28
DEBUG:root:--------------
DEBUG:root:
DEBUG:root:Epoch 4 / 45
DEBUG:root:--------------
DEBUG:root:train Loss: 1.288706468539823
DEBUG:root:train Accuracy: 34.69
DEBUG:root:val Loss: 1.4696405343302004
DEBUG:root:val Accuracy: 25.65
DEBUG:root:--------------
DEBUG:root:
DEBUG:root:Epoch 5 / 45
DEBUG:root:--------------
DEBUG:root:train Loss: 1.2521075751856163
DEBUG:root:train Accuracy: 28.07
DEBUG:root:val Loss: 1.5066461713759454
DEBUG:root:val Accuracy: 18.93
DEBUG:root:--------------
DEBUG:root:
DEBUG:root:Epoch 6 / 45
DEBUG:root:--------------
DEBUG:root:train Loss: 1.2000702725378092
DEBUG:root:train Accuracy: 30.19
DEBUG:root:val Loss: 1.5024530353781942
DEBUG:root:val Accuracy: 23.06
DEBUG:root:--------------
DEBUG:root:
DEBUG:root:Epoch 7 / 45
DEBUG:root:--------------
DEBUG:root:train Loss: 1.147847715463713
DEBUG:root:train Accuracy: 44.35
DEBUG:root:val Loss: 1.4285127451786628
DEBUG:root:val Accuracy: 28.74
DEBUG:root:--------------
DEBUG:root:
DEBUG:root:Epoch 8 / 45
DEBUG:root:--------------
DEBUG:root:train Loss: 1.1078309163101037
DEBUG:root:train Accuracy: 27.19
DEBUG:root:val Loss: 1.5139535858735933
DEBUG:root:val Accuracy: 27.02
DEBUG:root:--------------
DEBUG:root:
DEBUG:root:Epoch 9 / 45
DEBUG:root:--------------
DEBUG:root:train Loss: 1.0737587369141939
DEBUG:root:train Accuracy: 41.87
DEBUG:root:val Loss: 1.5261504705790634
DEBUG:root:val Accuracy: 32.87
DEBUG:root:--------------
DEBUG:root:
DEBUG:root:Epoch 10 / 45
DEBUG:root:--------------
DEBUG:root:train Loss: 1.0367118303053684
DEBUG:root:train Accuracy: 42.82
DEBUG:root:val Loss: 1.5920100402046036
DEBUG:root:val Accuracy: 30.64
DEBUG:root:--------------
DEBUG:root:
DEBUG:root:Epoch 11 / 45
DEBUG:root:--------------
DEBUG:root:train Loss: 1.0029730045919942
DEBUG:root:train Accuracy: 42.53
DEBUG:root:val Loss: 1.493798520538833
DEBUG:root:val Accuracy: 37.35
DEBUG:root:--------------
DEBUG:root:
DEBUG:root:Epoch 12 / 45
DEBUG:root:--------------
DEBUG:root:train Loss: 0.9708099045034488
DEBUG:root:train Accuracy: 30.42
DEBUG:root:val Loss: 1.8267210233997513
DEBUG:root:val Accuracy: 16.7
DEBUG:root:--------------
DEBUG:root:
DEBUG:root:Epoch 13 / 45
DEBUG:root:--------------
DEBUG:root:train Loss: 0.951894638782693
DEBUG:root:train Accuracy: 38.9
DEBUG:root:val Loss: 1.7265315766517932
DEBUG:root:val Accuracy: 22.89
DEBUG:root:--------------
DEBUG:root:
DEBUG:root:Epoch 14 / 45
DEBUG:root:--------------
DEBUG:root:train Loss: 0.9086623761812639
DEBUG:root:train Accuracy: 44.72
DEBUG:root:val Loss: 1.6055128957544054
DEBUG:root:val Accuracy: 32.01
DEBUG:root:--------------
DEBUG:root:
DEBUG:root:Epoch 15 / 45
DEBUG:root:--------------
DEBUG:root:train Loss: 0.8923241195728511
DEBUG:root:train Accuracy: 50.67
DEBUG:root:val Loss: 1.5063580474355718
DEBUG:root:val Accuracy: 30.29
DEBUG:root:--------------
DEBUG:root:
DEBUG:root:Epoch 16 / 45
DEBUG:root:--------------
DEBUG:root:train Loss: 0.8653540828754012
DEBUG:root:train Accuracy: 57.15
DEBUG:root:val Loss: 1.6755293574961987
DEBUG:root:val Accuracy: 31.15
DEBUG:root:--------------
DEBUG:root:
DEBUG:root:Epoch 17 / 45
DEBUG:root:--------------
DEBUG:root:train Loss: 0.8411555862535696
DEBUG:root:train Accuracy: 40.93
DEBUG:root:val Loss: 2.000384223002654
DEBUG:root:val Accuracy: 24.61
DEBUG:root:--------------
DEBUG:root:
DEBUG:root:Epoch 18 / 45
DEBUG:root:--------------
DEBUG:root:train Loss: 0.8229030063351515
DEBUG:root:train Accuracy: 60.46
DEBUG:root:val Loss: 1.8630348961431902
DEBUG:root:val Accuracy: 33.22
DEBUG:root:--------------
DEBUG:root:
DEBUG:root:Epoch 19 / 45
DEBUG:root:--------------
DEBUG:root:train Loss: 0.7963069753998565
DEBUG:root:train Accuracy: 55.58
DEBUG:root:val Loss: 1.6638115621530092
DEBUG:root:val Accuracy: 25.13
DEBUG:root:--------------
DEBUG:root:
DEBUG:root:Epoch 20 / 45
DEBUG:root:--------------
DEBUG:root:train Loss: 0.7730588919967024
DEBUG:root:train Accuracy: 60.91
DEBUG:root:val Loss: 1.817356520956689
DEBUG:root:val Accuracy: 31.5
DEBUG:root:--------------
DEBUG:root:
DEBUG:root:Epoch 21 / 45
DEBUG:root:--------------
DEBUG:root:train Loss: 0.7297365590540921
DEBUG:root:train Accuracy: 66.55
DEBUG:root:val Loss: 2.3786549355302538
DEBUG:root:val Accuracy: 31.33
DEBUG:root:--------------
DEBUG:root:
DEBUG:root:Epoch 22 / 45
DEBUG:root:--------------
DEBUG:root:train Loss: 0.713256260958882
DEBUG:root:train Accuracy: 61.38
DEBUG:root:val Loss: 2.0364647769665982
DEBUG:root:val Accuracy: 30.81
DEBUG:root:--------------
DEBUG:root:
DEBUG:root:Epoch 23 / 45
DEBUG:root:--------------
DEBUG:root:train Loss: 0.6715443363661243
DEBUG:root:train Accuracy: 69.79
DEBUG:root:val Loss: 2.0478485573779097
DEBUG:root:val Accuracy: 27.02
DEBUG:root:--------------
DEBUG:root:
DEBUG:root:Epoch 24 / 45
DEBUG:root:--------------
DEBUG:root:train Loss: 0.6324074751753409
DEBUG:root:train Accuracy: 67.36
DEBUG:root:val Loss: 1.9218554575364668
DEBUG:root:val Accuracy: 27.19
DEBUG:root:--------------
DEBUG:root:
DEBUG:root:Epoch 25 / 45
DEBUG:root:--------------
DEBUG:root:train Loss: 0.6069069629043885
DEBUG:root:train Accuracy: 62.28
DEBUG:root:val Loss: 2.506215199009403
DEBUG:root:val Accuracy: 33.05
DEBUG:root:--------------
DEBUG:root:
DEBUG:root:Epoch 26 / 45
DEBUG:root:--------------
DEBUG:root:train Loss: 0.5722093285491822
DEBUG:root:train Accuracy: 62.57
DEBUG:root:val Loss: 2.3249171448277903
DEBUG:root:val Accuracy: 29.6
DEBUG:root:--------------
DEBUG:root:
DEBUG:root:Epoch 27 / 45
DEBUG:root:--------------
DEBUG:root:train Loss: 0.5391353948464904
DEBUG:root:train Accuracy: 77.69
DEBUG:root:val Loss: 2.4341147928447513
DEBUG:root:val Accuracy: 34.6
DEBUG:root:--------------
DEBUG:root:
DEBUG:root:Epoch 28 / 45
DEBUG:root:--------------
DEBUG:root:train Loss: 0.5180664648430777
DEBUG:root:train Accuracy: 76.51
DEBUG:root:val Loss: 1.8764793299711668
DEBUG:root:val Accuracy: 25.47
DEBUG:root:--------------
DEBUG:root:
DEBUG:root:Epoch 29 / 45
DEBUG:root:--------------
DEBUG:root:train Loss: 0.4901410830219327
DEBUG:root:train Accuracy: 65.93
DEBUG:root:val Loss: 2.1171015206274095
DEBUG:root:val Accuracy: 33.22
DEBUG:root:--------------
DEBUG:root:
DEBUG:root:Epoch 30 / 45
DEBUG:root:--------------
DEBUG:root:train Loss: 0.46318782774571027
DEBUG:root:train Accuracy: 71.57
DEBUG:root:val Loss: 2.301525060619627
DEBUG:root:val Accuracy: 27.02
DEBUG:root:--------------
DEBUG:root:
DEBUG:root:Epoch 31 / 45
DEBUG:root:--------------
DEBUG:root:train Loss: 0.4392352899628893
DEBUG:root:train Accuracy: 79.05
DEBUG:root:val Loss: 2.003022394992493
DEBUG:root:val Accuracy: 27.19
DEBUG:root:--------------
DEBUG:root:
DEBUG:root:Epoch 32 / 45
DEBUG:root:--------------
DEBUG:root:train Loss: 0.4189834504658186
DEBUG:root:train Accuracy: 80.08
DEBUG:root:val Loss: 2.4514535121865326
DEBUG:root:val Accuracy: 23.58
DEBUG:root:--------------
DEBUG:root:
DEBUG:root:Epoch 33 / 45
DEBUG:root:--------------
DEBUG:root:train Loss: 0.3902484185886679
DEBUG:root:train Accuracy: 63.57
DEBUG:root:val Loss: 3.015683666035369
DEBUG:root:val Accuracy: 32.53
DEBUG:root:--------------
DEBUG:root:
DEBUG:root:Epoch 34 / 45
DEBUG:root:--------------
DEBUG:root:train Loss: 0.37255080972187826
DEBUG:root:train Accuracy: 85.66
DEBUG:root:val Loss: 2.920155096185076
DEBUG:root:val Accuracy: 23.75
DEBUG:root:--------------
DEBUG:root:
DEBUG:root:Epoch 35 / 45
DEBUG:root:--------------
DEBUG:root:train Loss: 0.341897247509919
DEBUG:root:train Accuracy: 57.48
DEBUG:root:val Loss: 2.561467472013536
DEBUG:root:val Accuracy: 31.84
DEBUG:root:--------------
DEBUG:root:
DEBUG:root:Epoch 36 / 45
DEBUG:root:--------------
DEBUG:root:train Loss: 0.33832428550381727
DEBUG:root:train Accuracy: 86.1
DEBUG:root:val Loss: 2.7003122908728465
DEBUG:root:val Accuracy: 21.86
DEBUG:root:--------------
DEBUG:root:
DEBUG:root:Epoch 37 / 45
DEBUG:root:--------------
DEBUG:root:train Loss: 0.3118225328293544
DEBUG:root:train Accuracy: 83.0
DEBUG:root:val Loss: 2.7012337085964915
DEBUG:root:val Accuracy: 19.1
DEBUG:root:--------------
DEBUG:root:
DEBUG:root:Epoch 38 / 45
DEBUG:root:--------------
DEBUG:root:train Loss: 0.2988966810942552
DEBUG:root:train Accuracy: 87.1
DEBUG:root:val Loss: 3.215606322655311
DEBUG:root:val Accuracy: 21.69
DEBUG:root:--------------
DEBUG:root:
DEBUG:root:Epoch 39 / 45
DEBUG:root:--------------
DEBUG:root:train Loss: 0.2972986684314537
DEBUG:root:train Accuracy: 84.05
DEBUG:root:val Loss: 3.0373775906615204
DEBUG:root:val Accuracy: 23.06
DEBUG:root:--------------
DEBUG:root:
DEBUG:root:Epoch 40 / 45
DEBUG:root:--------------
DEBUG:root:train Loss: 0.2629255572450651
DEBUG:root:train Accuracy: 84.91
DEBUG:root:val Loss: 2.8123909870346826
DEBUG:root:val Accuracy: 22.03
DEBUG:root:--------------
DEBUG:root:
DEBUG:root:Epoch 41 / 45
DEBUG:root:--------------
DEBUG:root:train Loss: 0.255204509034286
DEBUG:root:train Accuracy: 87.44
DEBUG:root:val Loss: 2.927407871890854
DEBUG:root:val Accuracy: 20.65
DEBUG:root:--------------
DEBUG:root:
DEBUG:root:Epoch 42 / 45
DEBUG:root:--------------
DEBUG:root:train Loss: 0.2528342731982742
DEBUG:root:train Accuracy: 75.58
DEBUG:root:val Loss: 3.1081831402831024
DEBUG:root:val Accuracy: 24.44
DEBUG:root:--------------
DEBUG:root:
DEBUG:root:Epoch 43 / 45
DEBUG:root:--------------
DEBUG:root:train Loss: 0.2393957664728087
DEBUG:root:train Accuracy: 82.24
DEBUG:root:val Loss: 2.954859360233768
DEBUG:root:val Accuracy: 18.24
DEBUG:root:--------------
DEBUG:root:
DEBUG:root:Epoch 44 / 45
DEBUG:root:--------------
DEBUG:root:train Loss: 0.2263451004668331
DEBUG:root:train Accuracy: 76.86
DEBUG:root:val Loss: 2.5170493129190508
DEBUG:root:val Accuracy: 22.38
DEBUG:root:--------------
DEBUG:root:
DEBUG:root:    phase  epoch      loss  accuracy fold
0   train      0  1.413160     17.11    3
1     val      0  1.414155     13.77    3
2   train      1  1.392221     16.61    3
3     val      1  1.459951     12.56    3
4   train      2  1.376455     39.74    3
5     val      2  1.472354     31.15    3
6   train      3  1.340961     30.29    3
7     val      3  1.482799     35.28    3
8   train      4  1.288706     34.69    3
9     val      4  1.469641     25.65    3
10  train      5  1.252108     28.07    3
11    val      5  1.506646     18.93    3
12  train      6  1.200070     30.19    3
13    val      6  1.502453     23.06    3
14  train      7  1.147848     44.35    3
15    val      7  1.428513     28.74    3
16  train      8  1.107831     27.19    3
17    val      8  1.513954     27.02    3
18  train      9  1.073759     41.87    3
19    val      9  1.526150     32.87    3
20  train     10  1.036712     42.82    3
21    val     10  1.592010     30.64    3
22  train     11  1.002973     42.53    3
23    val     11  1.493799     37.35    3
24  train     12  0.970810     30.42    3
25    val     12  1.826721     16.70    3
26  train     13  0.951895     38.90    3
27    val     13  1.726532     22.89    3
28  train     14  0.908662     44.72    3
29    val     14  1.605513     32.01    3
30  train     15  0.892324     50.67    3
31    val     15  1.506358     30.29    3
32  train     16  0.865354     57.15    3
33    val     16  1.675529     31.15    3
34  train     17  0.841156     40.93    3
35    val     17  2.000384     24.61    3
36  train     18  0.822903     60.46    3
37    val     18  1.863035     33.22    3
38  train     19  0.796307     55.58    3
39    val     19  1.663812     25.13    3
40  train     20  0.773059     60.91    3
41    val     20  1.817357     31.50    3
42  train     21  0.729737     66.55    3
43    val     21  2.378655     31.33    3
44  train     22  0.713256     61.38    3
45    val     22  2.036465     30.81    3
46  train     23  0.671544     69.79    3
47    val     23  2.047849     27.02    3
48  train     24  0.632407     67.36    3
49    val     24  1.921855     27.19    3
50  train     25  0.606907     62.28    3
51    val     25  2.506215     33.05    3
52  train     26  0.572209     62.57    3
53    val     26  2.324917     29.60    3
54  train     27  0.539135     77.69    3
55    val     27  2.434115     34.60    3
56  train     28  0.518066     76.51    3
57    val     28  1.876479     25.47    3
58  train     29  0.490141     65.93    3
59    val     29  2.117102     33.22    3
60  train     30  0.463188     71.57    3
61    val     30  2.301525     27.02    3
62  train     31  0.439235     79.05    3
63    val     31  2.003022     27.19    3
64  train     32  0.418983     80.08    3
65    val     32  2.451454     23.58    3
66  train     33  0.390248     63.57    3
67    val     33  3.015684     32.53    3
68  train     34  0.372551     85.66    3
69    val     34  2.920155     23.75    3
70  train     35  0.341897     57.48    3
71    val     35  2.561467     31.84    3
72  train     36  0.338324     86.10    3
73    val     36  2.700312     21.86    3
74  train     37  0.311823     83.00    3
75    val     37  2.701234     19.10    3
76  train     38  0.298897     87.10    3
77    val     38  3.215606     21.69    3
78  train     39  0.297299     84.05    3
79    val     39  3.037378     23.06    3
80  train     40  0.262926     84.91    3
81    val     40  2.812391     22.03    3
82  train     41  0.255205     87.44    3
83    val     41  2.927408     20.65    3
84  train     42  0.252834     75.58    3
85    val     42  3.108183     24.44    3
86  train     43  0.239396     82.24    3
87    val     43  2.954859     18.24    3
88  train     44  0.226345     76.86    3
89    val     44  2.517049     22.38    3
DEBUG:root:
DEBUG:root:         metric  precision    recall  f1-score      support fold
0             0   0.133333  0.486486  0.209302   185.000000    3
1             1   0.414286  0.229249  0.295165  1265.000000    3
2             2   0.168224  0.165138  0.166667  1090.000000    3
3             3   0.195652  0.246575  0.218182   365.000000    3
4      accuracy   0.223752  0.223752  0.223752     0.223752    3
5     macro avg   0.227874  0.281862  0.222329  2905.000000    3
6  weighted avg   0.276597  0.223752  0.231810  2905.000000    3
DEBUG:root:
DEBUG:root:  act_grade    0    1    2    3 fold
0         0   90   80   15    0    3
1         1  125  290  745  105    3
2         2  415  230  180  265    3
3         3   45  100  130   90    3
DEBUG:root:
DEBUG:root:
DEBUG:root:Fold # 4
DEBUG:root:
DEBUG:root:No Train/Test Subject Leakage Found
DEBUG:root:
DEBUG:root:Train
DEBUG:root:Class: 0, Count: 950
DEBUG:root:Class: 1, Count: 5194
DEBUG:root:Class: 2, Count: 4380
DEBUG:root:Class: 3, Count: 1570
DEBUG:root:
DEBUG:root:Test
DEBUG:root:Class: 0, Count: 255
DEBUG:root:Class: 1, Count: 1265
DEBUG:root:Class: 2, Count: 1085
DEBUG:root:Class: 3, Count: 447
DEBUG:root:
DEBUG:root:Using Parallel CUDA GPUs
DEBUG:root:
DEBUG:root:Epoch 0 / 45
DEBUG:root:--------------
DEBUG:root:train Loss: 1.415969965792207
DEBUG:root:train Accuracy: 21.77
DEBUG:root:val Loss: 1.3931231305237215
DEBUG:root:val Accuracy: 21.85
DEBUG:root:--------------
DEBUG:root:
DEBUG:root:Epoch 1 / 45
DEBUG:root:--------------
DEBUG:root:train Loss: 1.394210881184018
DEBUG:root:train Accuracy: 18.34
DEBUG:root:val Loss: 1.4180721181849534
DEBUG:root:val Accuracy: 17.76
DEBUG:root:--------------
DEBUG:root:
DEBUG:root:Epoch 2 / 45
DEBUG:root:--------------
DEBUG:root:train Loss: 1.3655454486450822
DEBUG:root:train Accuracy: 20.58
DEBUG:root:val Loss: 1.454771716557248
DEBUG:root:val Accuracy: 17.73
DEBUG:root:--------------
DEBUG:root:
DEBUG:root:Epoch 3 / 45
DEBUG:root:--------------
DEBUG:root:train Loss: 1.3413916398923864
DEBUG:root:train Accuracy: 16.52
DEBUG:root:val Loss: 1.6399585195860937
DEBUG:root:val Accuracy: 14.78
DEBUG:root:--------------
DEBUG:root:
DEBUG:root:Epoch 4 / 45
DEBUG:root:--------------
DEBUG:root:train Loss: 1.284006383526262
DEBUG:root:train Accuracy: 28.51
DEBUG:root:val Loss: 1.5521296684030463
DEBUG:root:val Accuracy: 25.16
DEBUG:root:--------------
DEBUG:root:
DEBUG:root:Epoch 5 / 45
DEBUG:root:--------------
DEBUG:root:train Loss: 1.2220049241074808
DEBUG:root:train Accuracy: 42.56
DEBUG:root:val Loss: 1.3820401058771223
DEBUG:root:val Accuracy: 25.1
DEBUG:root:--------------
DEBUG:root:
DEBUG:root:Epoch 6 / 45
DEBUG:root:--------------
DEBUG:root:train Loss: 1.166769986982068
DEBUG:root:train Accuracy: 46.31
DEBUG:root:val Loss: 1.6455975658606485
DEBUG:root:val Accuracy: 21.85
DEBUG:root:--------------
DEBUG:root:
DEBUG:root:Epoch 7 / 45
DEBUG:root:--------------
DEBUG:root:train Loss: 1.1372217815073709
DEBUG:root:train Accuracy: 46.32
DEBUG:root:val Loss: 1.8335471886614854
DEBUG:root:val Accuracy: 20.94
DEBUG:root:--------------
DEBUG:root:
DEBUG:root:Epoch 8 / 45
DEBUG:root:--------------
DEBUG:root:train Loss: 1.0991831458119488
DEBUG:root:train Accuracy: 41.74
DEBUG:root:val Loss: 1.5999802725477368
DEBUG:root:val Accuracy: 19.43
DEBUG:root:--------------
DEBUG:root:
DEBUG:root:Epoch 9 / 45
DEBUG:root:--------------
DEBUG:root:train Loss: 1.0368449005579192
DEBUG:root:train Accuracy: 46.4
DEBUG:root:val Loss: 1.559855886154774
DEBUG:root:val Accuracy: 21.1
DEBUG:root:--------------
DEBUG:root:
DEBUG:root:Epoch 10 / 45
DEBUG:root:--------------
DEBUG:root:train Loss: 1.020146311512069
DEBUG:root:train Accuracy: 44.59
DEBUG:root:val Loss: 1.7861694490722337
DEBUG:root:val Accuracy: 23.03
DEBUG:root:--------------
DEBUG:root:
DEBUG:root:Epoch 11 / 45
DEBUG:root:--------------
DEBUG:root:train Loss: 0.9988354067244227
DEBUG:root:train Accuracy: 43.91
DEBUG:root:val Loss: 1.777934416426414
DEBUG:root:val Accuracy: 19.27
DEBUG:root:--------------
DEBUG:root:
DEBUG:root:Epoch 12 / 45
DEBUG:root:--------------
DEBUG:root:train Loss: 0.9610948054484589
DEBUG:root:train Accuracy: 53.29
DEBUG:root:val Loss: 1.670881653019271
DEBUG:root:val Accuracy: 19.0
DEBUG:root:--------------
DEBUG:root:
DEBUG:root:Epoch 13 / 45
DEBUG:root:--------------
DEBUG:root:train Loss: 0.8988995472432444
DEBUG:root:train Accuracy: 50.48
DEBUG:root:val Loss: 1.845364363405717
DEBUG:root:val Accuracy: 17.4
DEBUG:root:--------------
DEBUG:root:
DEBUG:root:Epoch 14 / 45
DEBUG:root:--------------
DEBUG:root:train Loss: 0.8910594299908668
DEBUG:root:train Accuracy: 53.2
DEBUG:root:val Loss: 2.2875739935180905
DEBUG:root:val Accuracy: 14.38
DEBUG:root:--------------
DEBUG:root:
DEBUG:root:Epoch 15 / 45
DEBUG:root:--------------
DEBUG:root:train Loss: 0.8701497984941674
DEBUG:root:train Accuracy: 55.64
DEBUG:root:val Loss: 2.1977304619644324
DEBUG:root:val Accuracy: 14.91
DEBUG:root:--------------
DEBUG:root:
DEBUG:root:Epoch 16 / 45
DEBUG:root:--------------
DEBUG:root:train Loss: 0.8439643162268179
DEBUG:root:train Accuracy: 53.08
DEBUG:root:val Loss: 2.0636251790361255
DEBUG:root:val Accuracy: 19.95
DEBUG:root:--------------
DEBUG:root:
DEBUG:root:Epoch 17 / 45
DEBUG:root:--------------
DEBUG:root:train Loss: 0.8163575777813555
DEBUG:root:train Accuracy: 59.14
DEBUG:root:val Loss: 2.1492902870577666
DEBUG:root:val Accuracy: 18.94
DEBUG:root:--------------
DEBUG:root:
DEBUG:root:Epoch 18 / 45
DEBUG:root:--------------
DEBUG:root:train Loss: 0.7897284289122258
DEBUG:root:train Accuracy: 59.0
DEBUG:root:val Loss: 2.4799163965654625
DEBUG:root:val Accuracy: 22.08
DEBUG:root:--------------
DEBUG:root:
DEBUG:root:Epoch 19 / 45
DEBUG:root:--------------
DEBUG:root:train Loss: 0.7706329662096564
DEBUG:root:train Accuracy: 55.91
DEBUG:root:val Loss: 2.2562535295935824
DEBUG:root:val Accuracy: 25.88
DEBUG:root:--------------
DEBUG:root:
DEBUG:root:Epoch 20 / 45
DEBUG:root:--------------
DEBUG:root:train Loss: 0.7292449617038959
DEBUG:root:train Accuracy: 66.01
DEBUG:root:val Loss: 2.515632214970614
DEBUG:root:val Accuracy: 22.25
DEBUG:root:--------------
DEBUG:root:
DEBUG:root:Epoch 21 / 45
DEBUG:root:--------------
DEBUG:root:train Loss: 0.7066365411436116
DEBUG:root:train Accuracy: 69.67
DEBUG:root:val Loss: 3.017292758557185
DEBUG:root:val Accuracy: 21.63
DEBUG:root:--------------
DEBUG:root:
DEBUG:root:Epoch 22 / 45
DEBUG:root:--------------
DEBUG:root:train Loss: 0.6813105367242344
DEBUG:root:train Accuracy: 59.99
DEBUG:root:val Loss: 2.2833462123471406
DEBUG:root:val Accuracy: 26.38
DEBUG:root:--------------
DEBUG:root:
DEBUG:root:Epoch 23 / 45
DEBUG:root:--------------
DEBUG:root:train Loss: 0.6408476023368104
DEBUG:root:train Accuracy: 65.72
DEBUG:root:val Loss: 2.143609751893588
DEBUG:root:val Accuracy: 21.63
DEBUG:root:--------------
DEBUG:root:
DEBUG:root:Epoch 24 / 45
DEBUG:root:--------------
DEBUG:root:train Loss: 0.6137062119783232
DEBUG:root:train Accuracy: 72.03
DEBUG:root:val Loss: 2.7086141558841885
DEBUG:root:val Accuracy: 22.44
DEBUG:root:--------------
DEBUG:root:
DEBUG:root:Epoch 25 / 45
DEBUG:root:--------------
DEBUG:root:train Loss: 0.5870767162038536
DEBUG:root:train Accuracy: 73.27
DEBUG:root:val Loss: 2.8228320707201333
DEBUG:root:val Accuracy: 22.61
DEBUG:root:--------------
DEBUG:root:
DEBUG:root:Epoch 26 / 45
DEBUG:root:--------------
DEBUG:root:train Loss: 0.5739349755680277
DEBUG:root:train Accuracy: 73.57
DEBUG:root:val Loss: 3.21313758545521
DEBUG:root:val Accuracy: 22.44
DEBUG:root:--------------
DEBUG:root:
DEBUG:root:Epoch 27 / 45
DEBUG:root:--------------
DEBUG:root:train Loss: 0.5345295633351992
DEBUG:root:train Accuracy: 79.25
DEBUG:root:val Loss: 3.103896242785828
DEBUG:root:val Accuracy: 27.85
DEBUG:root:--------------
DEBUG:root:
DEBUG:root:Epoch 28 / 45
DEBUG:root:--------------
DEBUG:root:train Loss: 0.5096494408235663
DEBUG:root:train Accuracy: 66.31
DEBUG:root:val Loss: 2.542778026059036
DEBUG:root:val Accuracy: 29.16
DEBUG:root:--------------
DEBUG:root:
DEBUG:root:Epoch 29 / 45
DEBUG:root:--------------
DEBUG:root:train Loss: 0.4774437016910977
DEBUG:root:train Accuracy: 80.24
DEBUG:root:val Loss: 2.9805898110903994
DEBUG:root:val Accuracy: 22.44
DEBUG:root:--------------
DEBUG:root:
DEBUG:root:Epoch 30 / 45
DEBUG:root:--------------
DEBUG:root:train Loss: 0.46450621143929544
DEBUG:root:train Accuracy: 84.07
DEBUG:root:val Loss: 3.6463043433833495
DEBUG:root:val Accuracy: 22.12
DEBUG:root:--------------
DEBUG:root:
DEBUG:root:Epoch 31 / 45
DEBUG:root:--------------
DEBUG:root:train Loss: 0.4244699014656285
DEBUG:root:train Accuracy: 80.73
DEBUG:root:val Loss: 3.4491450355939217
DEBUG:root:val Accuracy: 26.87
DEBUG:root:--------------
DEBUG:root:
DEBUG:root:Epoch 32 / 45
DEBUG:root:--------------
DEBUG:root:train Loss: 0.4136039509028985
DEBUG:root:train Accuracy: 82.87
DEBUG:root:val Loss: 3.7901902398513876
DEBUG:root:val Accuracy: 20.31
DEBUG:root:--------------
DEBUG:root:
DEBUG:root:Epoch 33 / 45
DEBUG:root:--------------
DEBUG:root:train Loss: 0.4007205233352367
DEBUG:root:train Accuracy: 81.76
DEBUG:root:val Loss: 3.3362820547912757
DEBUG:root:val Accuracy: 26.54
DEBUG:root:--------------
DEBUG:root:
DEBUG:root:Epoch 34 / 45
DEBUG:root:--------------
DEBUG:root:train Loss: 0.3737745720686184
DEBUG:root:train Accuracy: 87.38
DEBUG:root:val Loss: 3.6207743527377465
DEBUG:root:val Accuracy: 22.77
DEBUG:root:--------------
DEBUG:root:
DEBUG:root:Epoch 35 / 45
DEBUG:root:--------------
DEBUG:root:train Loss: 0.3466762549505032
DEBUG:root:train Accuracy: 80.11
DEBUG:root:val Loss: 3.4856844803425653
DEBUG:root:val Accuracy: 27.52
DEBUG:root:--------------
DEBUG:root:
DEBUG:root:Epoch 36 / 45
DEBUG:root:--------------
DEBUG:root:train Loss: 0.3375289483715302
DEBUG:root:train Accuracy: 87.36
DEBUG:root:val Loss: 3.46711905464452
DEBUG:root:val Accuracy: 25.23
DEBUG:root:--------------
DEBUG:root:
DEBUG:root:Epoch 37 / 45
DEBUG:root:--------------
DEBUG:root:train Loss: 0.3273965601695987
DEBUG:root:train Accuracy: 89.11
DEBUG:root:val Loss: 3.6990416571107834
DEBUG:root:val Accuracy: 30.31
DEBUG:root:--------------
DEBUG:root:
DEBUG:root:Epoch 38 / 45
DEBUG:root:--------------
DEBUG:root:train Loss: 0.3074983111065295
DEBUG:root:train Accuracy: 87.72
DEBUG:root:val Loss: 3.6544499927790377
DEBUG:root:val Accuracy: 26.05
DEBUG:root:--------------
DEBUG:root:
DEBUG:root:Epoch 39 / 45
DEBUG:root:--------------
DEBUG:root:train Loss: 0.29617964458607493
DEBUG:root:train Accuracy: 88.75
DEBUG:root:val Loss: 3.230993295215187
DEBUG:root:val Accuracy: 26.87
DEBUG:root:--------------
DEBUG:root:
DEBUG:root:Epoch 40 / 45
DEBUG:root:--------------
DEBUG:root:train Loss: 0.2824261337912903
DEBUG:root:train Accuracy: 90.32
DEBUG:root:val Loss: 3.587765804135987
DEBUG:root:val Accuracy: 24.74
DEBUG:root:--------------
DEBUG:root:
DEBUG:root:Epoch 41 / 45
DEBUG:root:--------------
DEBUG:root:train Loss: 0.279573591465436
DEBUG:root:train Accuracy: 87.97
DEBUG:root:val Loss: 3.796059466157284
DEBUG:root:val Accuracy: 30.14
DEBUG:root:--------------
DEBUG:root:
DEBUG:root:Epoch 42 / 45
DEBUG:root:--------------
DEBUG:root:train Loss: 0.27158198906502945
DEBUG:root:train Accuracy: 90.78
DEBUG:root:val Loss: 3.1382499146835965
DEBUG:root:val Accuracy: 31.62
DEBUG:root:--------------
DEBUG:root:
DEBUG:root:Epoch 43 / 45
DEBUG:root:--------------
DEBUG:root:train Loss: 0.2550824318652746
DEBUG:root:train Accuracy: 86.02
DEBUG:root:val Loss: 3.737038125542446
DEBUG:root:val Accuracy: 24.9
DEBUG:root:--------------
DEBUG:root:
DEBUG:root:Epoch 44 / 45
DEBUG:root:--------------
DEBUG:root:train Loss: 0.2390713800193259
DEBUG:root:train Accuracy: 92.01
DEBUG:root:val Loss: 3.4321581427963617
DEBUG:root:val Accuracy: 35.39
DEBUG:root:--------------
DEBUG:root:
DEBUG:root:    phase  epoch      loss  accuracy fold
0   train      0  1.415970     21.77    4
1     val      0  1.393123     21.85    4
2   train      1  1.394211     18.34    4
3     val      1  1.418072     17.76    4
4   train      2  1.365545     20.58    4
5     val      2  1.454772     17.73    4
6   train      3  1.341392     16.52    4
7     val      3  1.639959     14.78    4
8   train      4  1.284006     28.51    4
9     val      4  1.552130     25.16    4
10  train      5  1.222005     42.56    4
11    val      5  1.382040     25.10    4
12  train      6  1.166770     46.31    4
13    val      6  1.645598     21.85    4
14  train      7  1.137222     46.32    4
15    val      7  1.833547     20.94    4
16  train      8  1.099183     41.74    4
17    val      8  1.599980     19.43    4
18  train      9  1.036845     46.40    4
19    val      9  1.559856     21.10    4
20  train     10  1.020146     44.59    4
21    val     10  1.786169     23.03    4
22  train     11  0.998835     43.91    4
23    val     11  1.777934     19.27    4
24  train     12  0.961095     53.29    4
25    val     12  1.670882     19.00    4
26  train     13  0.898900     50.48    4
27    val     13  1.845364     17.40    4
28  train     14  0.891059     53.20    4
29    val     14  2.287574     14.38    4
30  train     15  0.870150     55.64    4
31    val     15  2.197730     14.91    4
32  train     16  0.843964     53.08    4
33    val     16  2.063625     19.95    4
34  train     17  0.816358     59.14    4
35    val     17  2.149290     18.94    4
36  train     18  0.789728     59.00    4
37    val     18  2.479916     22.08    4
38  train     19  0.770633     55.91    4
39    val     19  2.256254     25.88    4
40  train     20  0.729245     66.01    4
41    val     20  2.515632     22.25    4
42  train     21  0.706637     69.67    4
43    val     21  3.017293     21.63    4
44  train     22  0.681311     59.99    4
45    val     22  2.283346     26.38    4
46  train     23  0.640848     65.72    4
47    val     23  2.143610     21.63    4
48  train     24  0.613706     72.03    4
49    val     24  2.708614     22.44    4
50  train     25  0.587077     73.27    4
51    val     25  2.822832     22.61    4
52  train     26  0.573935     73.57    4
53    val     26  3.213138     22.44    4
54  train     27  0.534530     79.25    4
55    val     27  3.103896     27.85    4
56  train     28  0.509649     66.31    4
57    val     28  2.542778     29.16    4
58  train     29  0.477444     80.24    4
59    val     29  2.980590     22.44    4
60  train     30  0.464506     84.07    4
61    val     30  3.646304     22.12    4
62  train     31  0.424470     80.73    4
63    val     31  3.449145     26.87    4
64  train     32  0.413604     82.87    4
65    val     32  3.790190     20.31    4
66  train     33  0.400721     81.76    4
67    val     33  3.336282     26.54    4
68  train     34  0.373775     87.38    4
69    val     34  3.620774     22.77    4
70  train     35  0.346676     80.11    4
71    val     35  3.485684     27.52    4
72  train     36  0.337529     87.36    4
73    val     36  3.467119     25.23    4
74  train     37  0.327397     89.11    4
75    val     37  3.699042     30.31    4
76  train     38  0.307498     87.72    4
77    val     38  3.654450     26.05    4
78  train     39  0.296180     88.75    4
79    val     39  3.230993     26.87    4
80  train     40  0.282426     90.32    4
81    val     40  3.587766     24.74    4
82  train     41  0.279574     87.97    4
83    val     41  3.796059     30.14    4
84  train     42  0.271582     90.78    4
85    val     42  3.138250     31.62    4
86  train     43  0.255082     86.02    4
87    val     43  3.737038     24.90    4
88  train     44  0.239071     92.01    4
89    val     44  3.432158     35.39    4
DEBUG:root:
DEBUG:root:         metric  precision    recall  f1-score      support fold
0             0   0.235043  0.215686  0.224949   255.000000    4
1             1   0.436075  0.695652  0.536095  1265.000000    4
2             2   0.097015  0.059908  0.074074  1085.000000    4
3             3   0.615385  0.178971  0.277296   447.000000    4
4      accuracy   0.353866  0.353866  0.353866     0.353866    4
5     macro avg   0.345879  0.287554  0.278104  3052.000000    4
6  weighted avg   0.325003  0.353866  0.307944  3052.000000    4
DEBUG:root:
DEBUG:root:  act_grade    0    1    2   3 fold
0         0   55   30  170   0    4
1         1   65  880  300  20    4
2         2  105  885   65  30    4
3         3    9  223  135  80    4
DEBUG:root:
DEBUG:root:
DEBUG:root:Hyperparameters: 
DEBUG:root:Sequences: ['t1.nii.gz', 't1c.nii.gz', 'flair.nii.gz', 't2.nii.gz', 'adc.nii.gz']
DEBUG:root:Input Channels: 5
DEBUG:root:# Classes: 4
DEBUG:root:# Epochs: 45
DEBUG:root:Optimizer: Adam
DEBUG:root:Learning Rate: 0.005625616236365292
DEBUG:root:Dropout: 0.4735390951042453
DEBUG:root:Batch Size: 32
DEBUG:root:L2 Regularization: 2.428749479441065e-07
DEBUG:root:
DEBUG:root:Loss Function Weights: tensor(12.) tensor(2.) tensor(2.) tensor(7.)
DEBUG:root:
DEBUG:root:Fold # 0
DEBUG:root:
DEBUG:root:No Train/Test Subject Leakage Found
DEBUG:root:
DEBUG:root:Train
DEBUG:root:Class: 0, Count: 915
DEBUG:root:Class: 1, Count: 5159
DEBUG:root:Class: 2, Count: 4370
DEBUG:root:Class: 3, Count: 1602
DEBUG:root:
DEBUG:root:Test
DEBUG:root:Class: 0, Count: 290
DEBUG:root:Class: 1, Count: 1300
DEBUG:root:Class: 2, Count: 1095
DEBUG:root:Class: 3, Count: 415
DEBUG:root:
DEBUG:root:Using Parallel CUDA GPUs
DEBUG:root:
DEBUG:root:Epoch 0 / 45
DEBUG:root:--------------
DEBUG:root:train Loss: 1.6305298691403012
DEBUG:root:train Accuracy: 13.32
DEBUG:root:val Loss: 1.4570028843338956
DEBUG:root:val Accuracy: 13.39
DEBUG:root:--------------
DEBUG:root:
DEBUG:root:Epoch 1 / 45
DEBUG:root:--------------
